This is LuaHBTeX, Version 1.14.0 (MiKTeX 22.1) (format=lualatex 2022.2.7)  20 JUN 2023 13:46
 restricted system commands enabled.
**main.tex
(./main.tex
LaTeX2e <2021-11-15> patch level 1
Lua module: luaotfload 2021-05-21 3.18 Lua based OpenType font support
Lua module: lualibs 2021-05-20 2.74 ConTeXt Lua standard libraries.
Lua module: lualibs-extended 2021-05-20 2.74 ConTeXt Lua libraries -- extended c
ollection.
luaotfload | conf : Root cache directory is "C:/Users/quent/AppData/Local/MiKTeX
/luatex-cache/generic/names".
luaotfload | init : Loading fontloader "fontloader-2021-05-20.lua" from kpse-res
olved path "C:/Program Files/MiKTeX/tex/luatex/luaotfload/fontloader-2021-05-20.
lua".
Lua-only attribute luaotfload@noligature = 1
Lua-only attribute luaotfload@syllabe = 2
luaotfload | init : Context OpenType loader version 3.116
Inserting `luaotfload.node_processor' at position 1 in `pre_linebreak_filter'.
Inserting `luaotfload.node_processor' at position 1 in `hpack_filter'.
Inserting `luaotfload.glyph_stream' at position 1 in `glyph_stream_provider'.
Inserting `luaotfload.define_font' at position 1 in `define_font'.
Lua-only attribute luaotfload_color_attribute = 3
luaotfload | conf : Root cache directory is "C:/Users/quent/AppData/Local/MiKTeX
/luatex-cache/generic/names".
Inserting `luaotfload.harf.strip_prefix' at position 1 in `find_opentype_file'.
Inserting `luaotfload.harf.strip_prefix' at position 1 in `find_truetype_file'.
Inserting `luaotfload.harf.finalize_vlist' at position 1 in `post_linebreak_filt
er'.
Inserting `luaotfload.harf.finalize_hlist' at position 2 in `hpack_filter'.
Inserting `luaotfload.cleanup_files' at position 1 in `wrapup_run'.
Inserting `luaotfload.harf.finalize_unicode' at position 1 in `finish_pdffile'.
Inserting `luaotfload.glyphinfo' at position 1 in `glyph_info'.
Lua-only attribute luaotfload.letterspace_done = 4
Inserting `luaotfload.aux.set_sscale_dimens' at position 1 in `luaotfload.patch_
font'.
Inserting `luaotfload.aux.set_font_index' at position 2 in `luaotfload.patch_fon
t'.
Inserting `luaotfload.aux.patch_cambria_domh' at position 3 in `luaotfload.patch
_font'.
Inserting `luaotfload.aux.fixup_fontdata' at position 1 in `luaotfload.patch_fon
t_unsafe'.
Inserting `luaotfload.aux.set_capheight' at position 4 in `luaotfload.patch_font
'.
Inserting `luaotfload.aux.set_xheight' at position 5 in `luaotfload.patch_font'.
Inserting `luaotfload.rewrite_fontname' at position 6 in `luaotfload.patch_font'
. L3 programming layer <2022-01-21>
Inserting `tracingstacklevels' at position 1 in `input_level_string'.
("C:/Program Files/MiKTeX/tex/latex/base/report.cls"
Document Class: report 2021/10/04 v1.4n Standard LaTeX document class
("C:/Program Files/MiKTeX/tex/latex/base/size10.clo"
File: size10.clo 2021/10/04 v1.4n Standard LaTeX file (size option)
luaotfload | db : Font names database loaded from C:/Users/quent/AppData/Local/M
iKTeX/luatex-cache/generic/names/luaotfload-names.luc)
\c@part=\count183
\c@chapter=\count184
\c@section=\count185
\c@subsection=\count186
\c@subsubsection=\count187
\c@paragraph=\count188
\c@subparagraph=\count189
\c@figure=\count190
\c@table=\count191
\abovecaptionskip=\skip47
\belowcaptionskip=\skip48
\bibindent=\dimen137
) (./quentin.sty
Package: quentin 2003/01/01

("C:/Program Files/MiKTeX/tex/latex/xcolor/xcolor.sty"
Package: xcolor 2021/10/31 v2.13 LaTeX color extensions (UK)

("C:/Program Files/MiKTeX/tex/latex/graphics-cfg/color.cfg"
File: color.cfg 2016/01/02 v1.6 sample color configuration
)
Package xcolor Info: Driver file: luatex.def on input line 227.

("C:/Program Files/MiKTeX/tex/latex/graphics-def/luatex.def"
File: luatex.def 2021/06/01 v1.2c Graphics/color driver for luatex
)
Package xcolor Info: Model `cmy' substituted by `cmy0' on input line 1352.
Package xcolor Info: Model `hsb' substituted by `rgb' on input line 1356.
Package xcolor Info: Model `RGB' extended on input line 1368.
Package xcolor Info: Model `HTML' substituted by `rgb' on input line 1370.
Package xcolor Info: Model `Hsb' substituted by `hsb' on input line 1371.
Package xcolor Info: Model `tHsb' substituted by `hsb' on input line 1372.
Package xcolor Info: Model `HSB' substituted by `hsb' on input line 1373.
Package xcolor Info: Model `Gray' substituted by `gray' on input line 1374.
Package xcolor Info: Model `wave' substituted by `hsb' on input line 1375.
)
(C:/Users/quent/AppData/Roaming/MiKTeX/tex/latex/lipsum/lipsum.sty
("C:/Program Files/MiKTeX/tex/latex/l3packages/l3keys2e/l3keys2e.sty"
("C:/Program Files/MiKTeX/tex/latex/l3kernel/expl3.sty"
Package: expl3 2022-01-21 L3 programming layer (loader) 

("C:/Program Files/MiKTeX/tex/latex/l3backend/l3backend-luatex.def"
File: l3backend-luatex.def 2022-01-12 L3 backend support: PDF output (LuaTeX)
\l__color_backend_stack_int=\count192
\l__pdf_internal_box=\box50
))
Package: l3keys2e 2022-01-12 LaTeX2e option processing using LaTeX3 keys
)
Package: lipsum 2021-09-20 v2.7 150 paragraphs of Lorem Ipsum dummy text
\g__lipsum_par_int=\count193
\l__lipsum_a_int=\count194
\l__lipsum_b_int=\count195

(C:/Users/quent/AppData/Roaming/MiKTeX/tex/latex/lipsum/lipsum.ltd.tex))
("C:/Program Files/MiKTeX/tex/latex/pgf/frontendlayer/tikz.sty"
("C:/Program Files/MiKTeX/tex/latex/pgf/basiclayer/pgf.sty"
("C:/Program Files/MiKTeX/tex/latex/pgf/utilities/pgfrcs.sty"
("C:/Program Files/MiKTeX/tex/generic/pgf/utilities/pgfutil-common.tex"
\pgfutil@everybye=\toks16
\pgfutil@tempdima=\dimen138
\pgfutil@tempdimb=\dimen139

("C:/Program Files/MiKTeX/tex/generic/pgf/utilities/pgfutil-common-lists.tex")) ("C:/Program Files/MiKTeX/tex/generic/pgf/utilities/pgfutil-latex.def"
\pgfutil@abb=\box51
)
("C:/Program Files/MiKTeX/tex/generic/pgf/utilities/pgfrcs.code.tex"
("C:/Program Files/MiKTeX/tex/generic/pgf/pgf.revision.tex")
Package: pgfrcs 2021/05/15 v3.1.9a (3.1.9a)
))
Package: pgf 2021/05/15 v3.1.9a (3.1.9a)

("C:/Program Files/MiKTeX/tex/latex/pgf/basiclayer/pgfcore.sty"
("C:/Program Files/MiKTeX/tex/latex/graphics/graphicx.sty"
Package: graphicx 2021/09/16 v1.2d Enhanced LaTeX Graphics (DPC,SPQR)

("C:/Program Files/MiKTeX/tex/latex/graphics/keyval.sty"
Package: keyval 2014/10/28 v1.15 key=value parser (DPC)
\KV@toks@=\toks17
)
("C:/Program Files/MiKTeX/tex/latex/graphics/graphics.sty"
Package: graphics 2021/03/04 v1.4d Standard LaTeX Graphics (DPC,SPQR)

("C:/Program Files/MiKTeX/tex/latex/graphics/trig.sty"
Package: trig 2021/08/11 v1.11 sin cos tan (DPC)
)
("C:/Program Files/MiKTeX/tex/latex/graphics-cfg/graphics.cfg"
File: graphics.cfg 2016/06/04 v1.11 sample graphics configuration
)
Package graphics Info: Driver file: luatex.def on input line 107.
)
\Gin@req@height=\dimen140
\Gin@req@width=\dimen141
)
("C:/Program Files/MiKTeX/tex/latex/pgf/systemlayer/pgfsys.sty"
("C:/Program Files/MiKTeX/tex/generic/pgf/systemlayer/pgfsys.code.tex"
Package: pgfsys 2021/05/15 v3.1.9a (3.1.9a)

("C:/Program Files/MiKTeX/tex/generic/pgf/utilities/pgfkeys.code.tex"
\pgfkeys@pathtoks=\toks18
\pgfkeys@temptoks=\toks19

("C:/Program Files/MiKTeX/tex/generic/pgf/utilities/pgfkeysfiltered.code.tex"
\pgfkeys@tmptoks=\toks20
))
\pgf@x=\dimen142
\pgf@y=\dimen143
\pgf@xa=\dimen144
\pgf@ya=\dimen145
\pgf@xb=\dimen146
\pgf@yb=\dimen147
\pgf@xc=\dimen148
\pgf@yc=\dimen149
\pgf@xd=\dimen150
\pgf@yd=\dimen151
\w@pgf@writea=\write3
\r@pgf@reada=\read2
\c@pgf@counta=\count196
\c@pgf@countb=\count197
\c@pgf@countc=\count198
\c@pgf@countd=\count199
\t@pgf@toka=\toks21
\t@pgf@tokb=\toks22
\t@pgf@tokc=\toks23
\pgf@sys@id@count=\count266
("C:/Program Files/MiKTeX/tex/generic/pgf/systemlayer/pgf.cfg"
File: pgf.cfg 2021/05/15 v3.1.9a (3.1.9a)
)
Driver file for pgf: pgfsys-luatex.def

("C:/Program Files/MiKTeX/tex/generic/pgf/systemlayer/pgfsys-luatex.def"
File: pgfsys-luatex.def 2021/05/15 v3.1.9a (3.1.9a)

("C:/Program Files/MiKTeX/tex/generic/pgf/systemlayer/pgfsys-common-pdf.def"
File: pgfsys-common-pdf.def 2021/05/15 v3.1.9a (3.1.9a)
))) ("C:/Program Files/MiKTeX/tex/generic/pgf/systemlayer/pgfsyssoftpath.code.t
ex"
File: pgfsyssoftpath.code.tex 2021/05/15 v3.1.9a (3.1.9a)
\pgfsyssoftpath@smallbuffer@items=\count267
\pgfsyssoftpath@bigbuffer@items=\count268
) ("C:/Program Files/MiKTeX/tex/generic/pgf/systemlayer/pgfsysprotocol.code.tex
"
File: pgfsysprotocol.code.tex 2021/05/15 v3.1.9a (3.1.9a)
)) ("C:/Program Files/MiKTeX/tex/generic/pgf/basiclayer/pgfcore.code.tex"
Package: pgfcore 2021/05/15 v3.1.9a (3.1.9a)

("C:/Program Files/MiKTeX/tex/generic/pgf/math/pgfmath.code.tex"
("C:/Program Files/MiKTeX/tex/generic/pgf/math/pgfmathcalc.code.tex"
("C:/Program Files/MiKTeX/tex/generic/pgf/math/pgfmathutil.code.tex")
("C:/Program Files/MiKTeX/tex/generic/pgf/math/pgfmathparser.code.tex"
\pgfmath@dimen=\dimen152
\pgfmath@count=\count269
\pgfmath@box=\box52
\pgfmath@toks=\toks24
\pgfmath@stack@operand=\toks25
\pgfmath@stack@operation=\toks26
)
("C:/Program Files/MiKTeX/tex/generic/pgf/math/pgfmathfunctions.code.tex"
("C:/Program Files/MiKTeX/tex/generic/pgf/math/pgfmathfunctions.basic.code.tex"
)
("C:/Program Files/MiKTeX/tex/generic/pgf/math/pgfmathfunctions.trigonometric.c
ode.tex")
("C:/Program Files/MiKTeX/tex/generic/pgf/math/pgfmathfunctions.random.code.tex
")
("C:/Program Files/MiKTeX/tex/generic/pgf/math/pgfmathfunctions.comparison.code
.tex")
("C:/Program Files/MiKTeX/tex/generic/pgf/math/pgfmathfunctions.base.code.tex") ("C:/Program Files/MiKTeX/tex/generic/pgf/math/pgfmathfunctions.round.code.tex") ("C:/Program Files/MiKTeX/tex/generic/pgf/math/pgfmathfunctions.misc.code.tex")
("C:/Program Files/MiKTeX/tex/generic/pgf/math/pgfmathfunctions.integerarithmet
ics.code.tex")))
("C:/Program Files/MiKTeX/tex/generic/pgf/math/pgfmathfloat.code.tex"
\c@pgfmathroundto@lastzeros=\count270
))
("C:/Program Files/MiKTeX/tex/generic/pgf/math/pgfint.code.tex")
("C:/Program Files/MiKTeX/tex/generic/pgf/basiclayer/pgfcorepoints.code.tex"
File: pgfcorepoints.code.tex 2021/05/15 v3.1.9a (3.1.9a)
\pgf@picminx=\dimen153
\pgf@picmaxx=\dimen154
\pgf@picminy=\dimen155
\pgf@picmaxy=\dimen156
\pgf@pathminx=\dimen157
\pgf@pathmaxx=\dimen158
\pgf@pathminy=\dimen159
\pgf@pathmaxy=\dimen160
\pgf@xx=\dimen161
\pgf@xy=\dimen162
\pgf@yx=\dimen163
\pgf@yy=\dimen164
\pgf@zx=\dimen165
\pgf@zy=\dimen166
)
("C:/Program Files/MiKTeX/tex/generic/pgf/basiclayer/pgfcorepathconstruct.code.
tex"
File: pgfcorepathconstruct.code.tex 2021/05/15 v3.1.9a (3.1.9a)
\pgf@path@lastx=\dimen167
\pgf@path@lasty=\dimen168
)
("C:/Program Files/MiKTeX/tex/generic/pgf/basiclayer/pgfcorepathusage.code.tex"
File: pgfcorepathusage.code.tex 2021/05/15 v3.1.9a (3.1.9a)
\pgf@shorten@end@additional=\dimen169
\pgf@shorten@start@additional=\dimen170
) ("C:/Program Files/MiKTeX/tex/generic/pgf/basiclayer/pgfcorescopes.code.tex"
File: pgfcorescopes.code.tex 2021/05/15 v3.1.9a (3.1.9a)
\pgfpic=\box53
\pgf@hbox=\box54
\pgf@layerbox@main=\box55
\pgf@picture@serial@count=\count271
)
("C:/Program Files/MiKTeX/tex/generic/pgf/basiclayer/pgfcoregraphicstate.code.t
ex"
File: pgfcoregraphicstate.code.tex 2021/05/15 v3.1.9a (3.1.9a)
\pgflinewidth=\dimen171
)
("C:/Program Files/MiKTeX/tex/generic/pgf/basiclayer/pgfcoretransformations.cod
e.tex"
File: pgfcoretransformations.code.tex 2021/05/15 v3.1.9a (3.1.9a)
\pgf@pt@x=\dimen172
\pgf@pt@y=\dimen173
\pgf@pt@temp=\dimen174
)
("C:/Program Files/MiKTeX/tex/generic/pgf/basiclayer/pgfcorequick.code.tex"
File: pgfcorequick.code.tex 2021/05/15 v3.1.9a (3.1.9a)
)
("C:/Program Files/MiKTeX/tex/generic/pgf/basiclayer/pgfcoreobjects.code.tex"
File: pgfcoreobjects.code.tex 2021/05/15 v3.1.9a (3.1.9a)
)
("C:/Program Files/MiKTeX/tex/generic/pgf/basiclayer/pgfcorepathprocessing.code
.tex"
File: pgfcorepathprocessing.code.tex 2021/05/15 v3.1.9a (3.1.9a)
)
("C:/Program Files/MiKTeX/tex/generic/pgf/basiclayer/pgfcorearrows.code.tex"
File: pgfcorearrows.code.tex 2021/05/15 v3.1.9a (3.1.9a)
\pgfarrowsep=\dimen175
)
("C:/Program Files/MiKTeX/tex/generic/pgf/basiclayer/pgfcoreshade.code.tex"
File: pgfcoreshade.code.tex 2021/05/15 v3.1.9a (3.1.9a)
\pgf@max=\dimen176
\pgf@sys@shading@range@num=\count272
\pgf@shadingcount=\count273
)
("C:/Program Files/MiKTeX/tex/generic/pgf/basiclayer/pgfcoreimage.code.tex"
File: pgfcoreimage.code.tex 2021/05/15 v3.1.9a (3.1.9a)

("C:/Program Files/MiKTeX/tex/generic/pgf/basiclayer/pgfcoreexternal.code.tex"
File: pgfcoreexternal.code.tex 2021/05/15 v3.1.9a (3.1.9a)
\pgfexternal@startupbox=\box56
)) ("C:/Program Files/MiKTeX/tex/generic/pgf/basiclayer/pgfcorelayers.code.tex"
File: pgfcorelayers.code.tex 2021/05/15 v3.1.9a (3.1.9a)
)
("C:/Program Files/MiKTeX/tex/generic/pgf/basiclayer/pgfcoretransparency.code.t
ex"
File: pgfcoretransparency.code.tex 2021/05/15 v3.1.9a (3.1.9a)
)
("C:/Program Files/MiKTeX/tex/generic/pgf/basiclayer/pgfcorepatterns.code.tex"
File: pgfcorepatterns.code.tex 2021/05/15 v3.1.9a (3.1.9a)
) ("C:/Program Files/MiKTeX/tex/generic/pgf/basiclayer/pgfcorerdf.code.tex"
File: pgfcorerdf.code.tex 2021/05/15 v3.1.9a (3.1.9a)
)))
("C:/Program Files/MiKTeX/tex/generic/pgf/modules/pgfmoduleshapes.code.tex"
File: pgfmoduleshapes.code.tex 2021/05/15 v3.1.9a (3.1.9a)
\pgfnodeparttextbox=\box57
)
("C:/Program Files/MiKTeX/tex/generic/pgf/modules/pgfmoduleplot.code.tex"
File: pgfmoduleplot.code.tex 2021/05/15 v3.1.9a (3.1.9a)
)
("C:/Program Files/MiKTeX/tex/latex/pgf/compatibility/pgfcomp-version-0-65.sty"
Package: pgfcomp-version-0-65 2021/05/15 v3.1.9a (3.1.9a)
\pgf@nodesepstart=\dimen177
\pgf@nodesepend=\dimen178
) ("C:/Program Files/MiKTeX/tex/latex/pgf/compatibility/pgfcomp-version-1-18.st
y"
Package: pgfcomp-version-1-18 2021/05/15 v3.1.9a (3.1.9a)
)) ("C:/Program Files/MiKTeX/tex/latex/pgf/utilities/pgffor.sty"
("C:/Program Files/MiKTeX/tex/latex/pgf/utilities/pgfkeys.sty"
("C:/Program Files/MiKTeX/tex/generic/pgf/utilities/pgfkeys.code.tex"))
("C:/Program Files/MiKTeX/tex/latex/pgf/math/pgfmath.sty"
("C:/Program Files/MiKTeX/tex/generic/pgf/math/pgfmath.code.tex"))
("C:/Program Files/MiKTeX/tex/generic/pgf/utilities/pgffor.code.tex"
Package: pgffor 2021/05/15 v3.1.9a (3.1.9a)

("C:/Program Files/MiKTeX/tex/generic/pgf/math/pgfmath.code.tex")
\pgffor@iter=\dimen179
\pgffor@skip=\dimen180
\pgffor@stack=\toks27
\pgffor@toks=\toks28
))
("C:/Program Files/MiKTeX/tex/generic/pgf/frontendlayer/tikz/tikz.code.tex"
Package: tikz 2021/05/15 v3.1.9a (3.1.9a)

("C:/Program Files/MiKTeX/tex/generic/pgf/libraries/pgflibraryplothandlers.code
.tex"
File: pgflibraryplothandlers.code.tex 2021/05/15 v3.1.9a (3.1.9a)
\pgf@plot@mark@count=\count274
\pgfplotmarksize=\dimen181
)
\tikz@lastx=\dimen182
\tikz@lasty=\dimen183
\tikz@lastxsaved=\dimen184
\tikz@lastysaved=\dimen185
\tikz@lastmovetox=\dimen186
\tikz@lastmovetoy=\dimen187
\tikzleveldistance=\dimen188
\tikzsiblingdistance=\dimen189
\tikz@figbox=\box58
\tikz@figbox@bg=\box59
\tikz@tempbox=\box60
\tikz@tempbox@bg=\box61
\tikztreelevel=\count275
\tikznumberofchildren=\count276
\tikznumberofcurrentchild=\count277
\tikz@fig@count=\count278

("C:/Program Files/MiKTeX/tex/generic/pgf/modules/pgfmodulematrix.code.tex"
File: pgfmodulematrix.code.tex 2021/05/15 v3.1.9a (3.1.9a)
\pgfmatrixcurrentrow=\count279
\pgfmatrixcurrentcolumn=\count280
\pgf@matrix@numberofcolumns=\count281
)
\tikz@expandcount=\count282

("C:/Program Files/MiKTeX/tex/generic/pgf/frontendlayer/tikz/libraries/tikzlibr
arytopaths.code.tex"
File: tikzlibrarytopaths.code.tex 2021/05/15 v3.1.9a (3.1.9a)
)))
("C:/Program Files/MiKTeX/tex/generic/pgf/frontendlayer/tikz/libraries/tikzlibr
arypatterns.code.tex"
File: tikzlibrarypatterns.code.tex 2021/05/15 v3.1.9a (3.1.9a)

("C:/Program Files/MiKTeX/tex/generic/pgf/libraries/pgflibrarypatterns.code.tex
"
File: pgflibrarypatterns.code.tex 2021/05/15 v3.1.9a (3.1.9a)
)) (C:/Users/quent/AppData/Roaming/MiKTeX/tex/latex/geometry/geometry.sty
Package: geometry 2020/01/02 v5.9 Page Geometry

("C:/Program Files/MiKTeX/tex/generic/iftex/ifvtex.sty"
Package: ifvtex 2019/10/25 v1.7 ifvtex legacy package. Use iftex instead.

("C:/Program Files/MiKTeX/tex/generic/iftex/iftex.sty"
Package: iftex 2020/03/06 v1.0d TeX engine tests
))
\Gm@cnth=\count283
\Gm@cntv=\count284
\c@Gm@tempcnt=\count285
\Gm@bindingoffset=\dimen190
\Gm@wd@mp=\dimen191
\Gm@odd@mp=\dimen192
\Gm@even@mp=\dimen193
\Gm@layoutwidth=\dimen194
\Gm@layoutheight=\dimen195
\Gm@layouthoffset=\dimen196
\Gm@layoutvoffset=\dimen197
\Gm@dimlist=\toks29

(C:/Users/quent/AppData/Roaming/MiKTeX/tex/latex/geometry/geometry.cfg))
("C:/Program Files/MiKTeX/tex/latex/tools/multicol.sty"
Package: multicol 2021/10/28 v1.9b multicolumn formatting (FMi)
\c@tracingmulticols=\count286
\mult@box=\box62
\multicol@leftmargin=\dimen198
\c@unbalance=\count287
\c@collectmore=\count288
\doublecol@number=\count289
\multicoltolerance=\count290
\multicolpretolerance=\count291
\full@width=\dimen199
\page@free=\dimen256
\premulticols=\dimen257
\postmulticols=\dimen258
\multicolsep=\skip49
\multicolbaselineskip=\skip50
\partial@page=\box63
\last@line=\box64
\maxbalancingoverflow=\dimen259
\mult@rightbox=\box65
\mult@grightbox=\box66
\mult@firstbox=\box67
\mult@gfirstbox=\box68
\@tempa=\box69
\@tempa=\box70
\@tempa=\box71
\@tempa=\box72
\@tempa=\box73
\@tempa=\box74
\@tempa=\box75
\@tempa=\box76
\@tempa=\box77
\@tempa=\box78
\@tempa=\box79
\@tempa=\box80
\@tempa=\box81
\@tempa=\box82
\@tempa=\box83
\@tempa=\box84
\@tempa=\box85
\@tempa=\box86
\@tempa=\box87
\@tempa=\box88
\@tempa=\box89
\@tempa=\box90
\@tempa=\box91
\@tempa=\box92
\@tempa=\box93
\@tempa=\box94
\@tempa=\box95
\@tempa=\box96
\@tempa=\box97
\@tempa=\box98
\@tempa=\box99
\@tempa=\box100
\@tempa=\box101
\@tempa=\box102
\@tempa=\box103
\@tempa=\box104
\c@minrows=\count292
\c@columnbadness=\count293
\c@finalcolumnbadness=\count294
\last@try=\dimen260
\multicolovershoot=\dimen261
\multicolundershoot=\dimen262
\mult@nat@firstbox=\box105
\colbreak@box=\box106
\mc@col@check@num=\count295
)
(C:/Users/quent/AppData/Roaming/MiKTeX/tex/latex/framed/framed.sty
Package: framed 2011/10/22 v 0.96: framed or shaded text with page breaks
\OuterFrameSep=\skip51
\fb@frw=\dimen263
\fb@frh=\dimen264
\FrameRule=\dimen265
\FrameSep=\dimen266
)
(C:/Users/quent/AppData/Roaming/MiKTeX/tex/latex/eso-pic/eso-pic.sty
Package: eso-pic 2020/10/14 v3.0a eso-pic (RN)
\ESO@tempdima=\dimen267
\ESO@tempdimb=\dimen268
)
(C:/Users/quent/AppData/Roaming/MiKTeX/tex/latex/mwe/mwe.sty
Package: mwe 2018/03/30 v0.5 Package to support minimal working examples (MWE)

("C:/Program Files/MiKTeX/tex/latex/blindtext/blindtext.sty"
Package: blindtext 2012/01/06 V2.0 blindtext-Package

("C:/Program Files/MiKTeX/tex/latex/tools/xspace.sty"
Package: xspace 2014/10/28 v1.13 Space after command names (DPC,MH)
)
\c@blindtext=\count296
\c@Blindtext=\count297
\c@blind@countparstart=\count298
\blind@countxx=\count299
\blindtext@numBlindtext=\count300
\blind@countyy=\count301
\c@blindlist=\count302
\c@blindlistlevel=\count303
\c@blindlist@level=\count304
\blind@listitem=\count305
\c@blind@listcount=\count306
\c@blind@levelcount=\count307
\blind@mathformula=\count308
\blind@Mathformula=\count309
\c@blind@randomcount=\count310
\c@blind@randommax=\count311
\c@blind@pangramcount=\count312
\c@blind@pangrammax=\count313
))
(C:/Users/quent/AppData/Roaming/MiKTeX/tex/latex/lastpage/lastpage.sty
Package: lastpage 2021/09/03 v1.2n Refers to last page's name (HMM; JPG)
)
(C:/Users/quent/AppData/Roaming/MiKTeX/tex/latex/fancyhdr/fancyhdr.sty
Package: fancyhdr 2021/01/28 v4.0.1 Extensive control of page headers and foote
rs
\f@nch@headwidth=\skip52
\f@nch@O@elh=\skip53
\f@nch@O@erh=\skip54
\f@nch@O@olh=\skip55
\f@nch@O@orh=\skip56
\f@nch@O@elf=\skip57
\f@nch@O@erf=\skip58
\f@nch@O@olf=\skip59
\f@nch@O@orf=\skip60
)
(C:/Users/quent/AppData/Roaming/MiKTeX/tex/latex/titlesec/titlesec.sty
Package: titlesec 2021/07/05 v2.14 Sectioning titles
\ttl@box=\box107
\beforetitleunit=\skip61
\aftertitleunit=\skip62
\ttl@plus=\dimen269
\ttl@minus=\dimen270
\ttl@toksa=\toks30
\titlewidth=\dimen271
\titlewidthlast=\dimen272
\titlewidthfirst=\dimen273
)
(C:/Users/quent/AppData/Roaming/MiKTeX/tex/latex/tocloft/tocloft.sty
Package: tocloft 2017/08/31 v2.3i parameterised ToC, etc., typesetting
Package tocloft Info: The document has chapter divisions on input line 51.
\cftparskip=\skip63
\cftbeforetoctitleskip=\skip64
\cftaftertoctitleskip=\skip65
\cftbeforepartskip=\skip66
\cftpartnumwidth=\skip67
\cftpartindent=\skip68
\cftbeforechapskip=\skip69
\cftchapindent=\skip70
\cftchapnumwidth=\skip71
\cftbeforesecskip=\skip72
\cftsecindent=\skip73
\cftsecnumwidth=\skip74
\cftbeforesubsecskip=\skip75
\cftsubsecindent=\skip76
\cftsubsecnumwidth=\skip77
\cftbeforesubsubsecskip=\skip78
\cftsubsubsecindent=\skip79
\cftsubsubsecnumwidth=\skip80
\cftbeforeparaskip=\skip81
\cftparaindent=\skip82
\cftparanumwidth=\skip83
\cftbeforesubparaskip=\skip84
\cftsubparaindent=\skip85
\cftsubparanumwidth=\skip86
\cftbeforeloftitleskip=\skip87
\cftafterloftitleskip=\skip88
\cftbeforefigskip=\skip89
\cftfigindent=\skip90
\cftfignumwidth=\skip91
\cftbeforelottitleskip=\skip92
\cftafterlottitleskip=\skip93
\cftbeforetabskip=\skip94
\cfttabindent=\skip95
\cfttabnumwidth=\skip96
\cftbeforesubfigskip=\skip97
\cftsubfigindent=\skip98
\cftsubfignumwidth=\skip99
\cftbeforesubtabskip=\skip100
\cftsubtabindent=\skip101
\cftsubtabnumwidth=\skip102
)
(C:/Users/quent/AppData/Roaming/MiKTeX/tex/latex/subfigure/subfigure.sty
Package: subfigure 2002/07/30 v2.1.4 subfigure package
\subfigtopskip=\skip103
\subfigcapskip=\skip104
\subfigcaptopadj=\dimen274
\subfigbottomskip=\skip105
\subfigcapmargin=\dimen275
\subfiglabelskip=\skip106
\c@subfigure=\count314
\c@lofdepth=\count315
\c@subtable=\count316
\c@lotdepth=\count317

****************************************
* Local config file subfigure.cfg used *
****************************************
(C:/Users/quent/AppData/Roaming/MiKTeX/tex/latex/subfigure/subfigure.cfg)
\subfig@top=\skip107
\subfig@bottom=\skip108
)
(C:/Users/quent/AppData/Roaming/MiKTeX/tex/latex/wrapfig/wrapfig.sty
\wrapoverhang=\dimen276
\WF@size=\dimen277
\c@WF@wrappedlines=\count318
\WF@box=\box108
\WF@everypar=\toks31
Package: wrapfig 2003/01/31  v 3.6
)
("C:/Program Files/MiKTeX/tex/generic/babel/babel.sty"
Package: babel 2021/12/30 3.69 The Babel package

("C:/Program Files/MiKTeX/tex/generic/babel/luababel.def"
\bbl@readstream=\read3
\l@afrikaans=\language2
Package babel Info: Non-standard hyphenation setup on input line 118.
\l@ancientgreek=\language3
\l@armenian=\language4
\l@assamese=\language5
\l@basque=\language6
\l@belarusian=\language7
\l@bengali=\language8
\l@bokmal=\language9
\l@bulgarian=\language10
\l@catalan=\language11
\l@churchslavonic=\language12
\l@classiclatin=\language13
\l@coptic=\language14
\l@croatian=\language15
\l@czech=\language16
\l@danish=\language17
\l@dutch=\language18
\l@esperanto=\language19
\l@estonian=\language20
\l@ethiopic=\language21
\l@finnish=\language22
\l@french=\language23
\l@friulan=\language24
\l@galician=\language25
\l@georgian=\language26
\l@german=\language27
\l@greek=\language28
\l@gujarati=\language29
\l@hindi=\language30
\l@hungarian=\language31
\l@icelandic=\language32
\l@indonesian=\language33
\l@interlingua=\language34
\l@irish=\language35
\l@italian=\language36
\l@kannada=\language37
\l@kurmanji=\language38
\l@latin=\language39
\l@latvian=\language40
\l@lithuanian=\language41
\l@liturgicallatin=\language42
\l@macedonian=\language43
\l@malayalam=\language44
\l@marathi=\language45
\l@mongolian=\language46
\l@mongolianlmc=\language47
\l@monogreek=\language48
\l@ngerman=\language49
\l@nynorsk=\language50
\l@occitan=\language51
\l@oriya=\language52
\l@pali=\language53
\l@panjabi=\language54
\l@piedmontese=\language55
\l@polish=\language56
\l@portuguese=\language57
\l@romanian=\language58
\l@romansh=\language59
\l@russian=\language60
\l@sanskrit=\language61
\l@serbian=\language62
\l@serbianc=\language63
\l@slovak=\language64
\l@slovenian=\language65
\l@spanish=\language66
\l@swedish=\language67
\l@swissgerman=\language68
\l@tamil=\language69
\l@telugu=\language70
\l@thai=\language71
\l@turkish=\language72
\l@turkmen=\language73
\l@ukenglish=\language74
\l@ukrainian=\language75
\l@uppersorbian=\language76
\l@usenglishmax=\language77
\l@welsh=\language78
\babelcatcodetablenum=\catcodetable12
\bbl@pattcodes=\catcodetable13
)
\babel@savecnt=\count319
\U@D=\dimen278
\l@unhyphenated=\language79

("C:/Program Files/MiKTeX/tex/generic/babel/luababel.def"
\bbl@attr@locale=\attribute5
)
*************************************
* Local config file bblopts.cfg used
*
("C:/Program Files/MiKTeX/tex/latex/arabi/bblopts.cfg"
File: bblopts.cfg 2005/09/08 v0.1 add Arabic and Farsi to "declared" options of
 babel
)
(C:/Users/quent/AppData/Roaming/MiKTeX/tex/generic/babel-french/french.ldf
Language: french 2021/07/20 v3.5m French support from the babel system
Package babel Info: Hyphen rules for 'acadian' set to \l@french
(babel)             (\language23). Reported on input line 91.
Package babel Info: Hyphen rules for 'canadien' set to \l@french
(babel)             (\language23). Reported on input line 92.
\FB@nonchar=\count320
\FB@spacing=\attribute6
\FB@addDPspace=\attribute7
\FB@addGUILspace=\attribute8
\FB@ucsNBSP=\attribute9
\FB@dialect=\attribute10
Package french.ldf Info: No need for active punctuation characters
(french.ldf)             with this version of LuaTeX!
(french.ldf)             reported on input line 254.
\FBguill@level=\count321
\FBold@everypar=\toks32
\FB@Mht=\dimen279
\mc@charclass=\count322
\mc@charfam=\count323
\mc@charslot=\count324
\std@mcc=\count325
\dec@mcc=\count326
Inserting `frenchb.french_punctuation' at position 1 in `kerning'.
\listindentFB=\dimen280
\descindentFB=\dimen281
\labelindentFB=\dimen282
\labelwidthFB=\dimen283
\leftmarginFB=\dimen284
\parindentFFN=\dimen285
\FBfnindent=\dimen286

("C:/Program Files/MiKTeX/tex/generic/hyph-utf8/loadhyph/loadhyph-fr.tex"
UTF-8 French hyphenation patterns
("C:/Program Files/MiKTeX/tex/generic/hyph-utf8/patterns/tex/hyph-fr.tex")
("C:/Program Files/MiKTeX/tex/generic/hyph-utf8/patterns/quote/hyph-quote-fr.te
x")))) (C:/Users/quent/AppData/Roaming/MiKTeX/tex/latex/carlisle/scalefnt.sty)
(C:/Users/quent/AppData/Roaming/MiKTeX/tex/latex/cellspace/cellspace.sty
Package: cellspace 2022/01/04 v1.9.0 Spacing table cells (JN)

("C:/Program Files/MiKTeX/tex/latex/base/ifthen.sty"
Package: ifthen 2020/11/24 v1.1c Standard LaTeX ifthen package (DPC)
)
("C:/Program Files/MiKTeX/tex/latex/tools/array.sty"
Package: array 2021/10/04 v2.5f Tabular extension package (FMi)
\col@sep=\dimen287
\ar@mcellbox=\box109
\extrarowheight=\dimen288
\NC@list=\toks33
\extratabsurround=\skip109
\backup@length=\skip110
\ar@cellbox=\box110
)
("C:/Program Files/MiKTeX/tex/latex/tools/calc.sty"
Package: calc 2017/05/25 v4.3 Infix arithmetic (KKT,FJ)
\calc@Acount=\count327
\calc@Bcount=\count328
\calc@Adimen=\dimen289
\calc@Bdimen=\dimen290
\calc@Askip=\skip111
\calc@Bskip=\skip112
LaTeX Info: Redefining \setlength on input line 80.
LaTeX Info: Redefining \addtolength on input line 81.
\calc@Ccount=\count329
\calc@Cskip=\skip113
)
("C:/Program Files/MiKTeX/tex/latex/xkeyval/xkeyval.sty"
Package: xkeyval 2020/11/20 v2.8 package option processing (HA)

("C:/Program Files/MiKTeX/tex/generic/xkeyval/xkeyval.tex"
("C:/Program Files/MiKTeX/tex/generic/xkeyval/xkvutils.tex"
\XKV@toks=\toks34
\XKV@tempa@toks=\toks35
)
\XKV@depth=\count330
File: xkeyval.tex 2014/12/03 v2.7a key=value parser (HA)
))
\cellspacetoplimit=\dimen291
\cellspacebottomlimit=\dimen292
\cellspace@firstht=\dimen293
\cellspace@lastdp=\dimen294
)
("C:/Program Files/MiKTeX/tex/latex/amsmath/amsmath.sty"
Package: amsmath 2021/10/15 v2.17l AMS math features
\@mathmargin=\skip114

For additional information on amsmath, use the `?' option.
("C:/Program Files/MiKTeX/tex/latex/amsmath/amstext.sty"
Package: amstext 2021/08/26 v2.01 AMS text

("C:/Program Files/MiKTeX/tex/latex/amsmath/amsgen.sty"
File: amsgen.sty 1999/11/30 v2.0 generic functions
\@emptytoks=\toks36
\ex@=\dimen295
))
("C:/Program Files/MiKTeX/tex/latex/amsmath/amsbsy.sty"
Package: amsbsy 1999/11/29 v1.2d Bold Symbols
\pmbraise@=\dimen296
)
("C:/Program Files/MiKTeX/tex/latex/amsmath/amsopn.sty"
Package: amsopn 2021/08/26 v2.02 operator names
)
\inf@bad=\count331
LaTeX Info: Redefining \frac on input line 236.
\uproot@=\count332
\leftroot@=\count333
LaTeX Info: Redefining \overline on input line 399.
\classnum@=\count334
\DOTSCASE@=\count335
LaTeX Info: Redefining \ldots on input line 496.
LaTeX Info: Redefining \dots on input line 499.
LaTeX Info: Redefining \cdots on input line 620.
\Mathstrutbox@=\box111
\strutbox@=\box112
\big@size=\dimen297
LaTeX Font Info:    Redeclaring font encoding OML on input line 743.
LaTeX Font Info:    Redeclaring font encoding OMS on input line 744.
\macc@depth=\count336
\c@MaxMatrixCols=\count337
\dotsspace@=\muskip16
\c@parentequation=\count338
\dspbrk@lvl=\count339
\tag@help=\toks37
\row@=\count340
\column@=\count341
\maxfields@=\count342
\andhelp@=\toks38
\eqnshift@=\dimen298
\alignsep@=\dimen299
\tagshift@=\dimen300
\tagwidth@=\dimen301
\totwidth@=\dimen302
\lineht@=\dimen303
\@envbody=\toks39
\multlinegap=\skip115
\multlinetaggap=\skip116
\mathdisplay@stack=\toks40
LaTeX Info: Redefining \[ on input line 2938.
LaTeX Info: Redefining \] on input line 2939.
)
("C:/Program Files/MiKTeX/tex/latex/amsfonts/amsfonts.sty"
Package: amsfonts 2013/01/14 v3.01 Basic AMSFonts support
\symAMSa=\mathgroup4
\symAMSb=\mathgroup5
LaTeX Font Info:    Redeclaring math symbol \hbar on input line 98.
LaTeX Font Info:    Overwriting math alphabet `\mathfrak' in version `bold'
(Font)                  U/euf/m/n --> U/euf/b/n on input line 106.
)
("C:/Program Files/MiKTeX/tex/latex/amsfonts/amssymb.sty"
Package: amssymb 2013/01/14 v3.01 AMS font symbols
)
(C:/Users/quent/AppData/Roaming/MiKTeX/tex/generic/bitset/bitset.sty
Package: bitset 2019/12/09 v1.3 Handle bit-vector datatype (HO)

(C:/Users/quent/AppData/Roaming/MiKTeX/tex/generic/infwarerr/infwarerr.sty
Package: infwarerr 2019/12/03 v1.5 Providing info/warning/error messages (HO)
)
(C:/Users/quent/AppData/Roaming/MiKTeX/tex/generic/intcalc/intcalc.sty
Package: intcalc 2019/12/15 v1.3 Expandable calculations with integers (HO)
)
(C:/Users/quent/AppData/Roaming/MiKTeX/tex/generic/bigintcalc/bigintcalc.sty
Package: bigintcalc 2019/12/15 v1.5 Expandable calculations on big integers (HO
)

("C:/Program Files/MiKTeX/tex/generic/pdftexcmds/pdftexcmds.sty"
Package: pdftexcmds 2020-06-27 v0.33 Utility functions of pdfTeX for LuaTeX (HO
)

(C:/Users/quent/AppData/Roaming/MiKTeX/tex/generic/ltxcmds/ltxcmds.sty
Package: ltxcmds 2020-05-10 v1.25 LaTeX kernel commands for general use (HO)
)
Package pdftexcmds Info: \pdf@primitive is available.
Package pdftexcmds Info: \pdf@ifprimitive is available.
Package pdftexcmds Info: \pdfdraftmode found.
\pdftexcmds@toks=\toks41
)))
(C:/Users/quent/AppData/Roaming/MiKTeX/tex/latex/nicematrix/nicematrix.sty
Package: nicematrix 2022/01/23 v6.5 Enhanced arrays with the help of PGF/TikZ

("C:/Program Files/MiKTeX/tex/latex/l3packages/xparse/xparse.sty"
Package: xparse 2022-01-12 L3 Experimental document command parser
)
\g__nicematrix_env_int=\count343
\g__nicematrix_NiceMatrixBlock_int=\count344
\l__nicematrix_columns_width_dim=\dimen304
\l__nicematrix_col_width_dim=\dimen305
\g__nicematrix_row_total_int=\count345
\g__nicematrix_col_total_int=\count346
\l__nicematrix_key_nb_rows_int=\count347
\g__nicematrix_blocks_wd_dim=\dimen306
\g__nicematrix_blocks_ht_dim=\dimen307
\g__nicematrix_blocks_dp_dim=\dimen308
\l__nicematrix_width_dim=\dimen309
\l__nicematrix_tabular_width_dim=\dimen310
\l__nicematrix_old_iRow_int=\count348
\l__nicematrix_old_jCol_int=\count349
\g__nicematrix_total_X_weight_int=\count350
\l__nicematrix_X_columns_dim=\dimen311
\l__nicematrix_x_initial_dim=\dimen312
\l__nicematrix_y_initial_dim=\dimen313
\l__nicematrix_x_final_dim=\dimen314
\l__nicematrix_y_final_dim=\dimen315
\l_tmpc_dim=\dimen316
\l_tmpd_dim=\dimen317
\g__nicematrix_width_last_col_dim=\dimen318
\g__nicematrix_width_first_col_dim=\dimen319
\l__nicematrix_row_min_int=\count351
\l__nicematrix_row_max_int=\count352
\l__nicematrix_col_min_int=\count353
\l__nicematrix_col_max_int=\count354
\g__nicematrix_static_num_of_col_int=\count355
\l__nicematrix_rounded_corners_dim=\dimen320
\l__nicematrix_line_width_dim=\dimen321
\g__nicematrix_block_box_int=\count356
\l__nicematrix_submatrix_extra_height_dim=\dimen322
\l__nicematrix_submatrix_left_xshift_dim=\dimen323
\l__nicematrix_submatrix_right_xshift_dim=\dimen324
\l__nicematrix_first_row_int=\count357
\l__nicematrix_first_col_int=\count358
\l__nicematrix_last_row_int=\count359
\l__nicematrix_last_col_int=\count360
\c@tabularnote=\count361
\l__nicematrix_number_of_notes_int=\count362
\l__nicematrix_cell_space_top_limit_dim=\dimen325
\l__nicematrix_cell_space_bottom_limit_dim=\dimen326
\l__nicematrix_inter_dots_dim=\dimen327
\l__nicematrix_xdots_shorten_dim=\dimen328
\l__nicematrix_radius_dim=\dimen329
\l__nicematrix_notes_above_space_dim=\dimen330
\l__nicematrix_left_margin_dim=\dimen331
\l__nicematrix_right_margin_dim=\dimen332
\l__nicematrix_extra_left_margin_dim=\dimen333
\l__nicematrix_extra_right_margin_dim=\dimen334
\c__nicematrix_max_l_dim=\dimen335
\l__nicematrix_position_int=\count363
\l__nicematrix_start_int=\count364
\l__nicematrix_end_int=\count365
\l__nicematrix_multiplicity_int=\count366
\l_tmpc_int=\count367
\l__nicematrix_brace_yshift_dim=\dimen336
)
(C:/Users/quent/AppData/Roaming/MiKTeX/tex/latex/colortbl/colortbl.sty
Package: colortbl 2020/01/04 v1.0e Color table columns (DPC)
\everycr=\toks42
\minrowclearance=\skip117
)
("C:/Program Files/MiKTeX/tex/latex/tcolorbox/tcolorbox.sty"
Package: tcolorbox 2022/01/07 version 5.0.2 text color boxes

("C:/Program Files/MiKTeX/tex/latex/tools/verbatim.sty"
Package: verbatim 2020-07-07 v1.5u LaTeX2e package for verbatim enhancements
\every@verbatim=\toks43
\verbatim@line=\toks44
\verbatim@in@stream=\read4
)
("C:/Program Files/MiKTeX/tex/latex/environ/environ.sty"
Package: environ 2014/05/04 v0.3 A new way to define environments

("C:/Program Files/MiKTeX/tex/latex/trimspaces/trimspaces.sty"
Package: trimspaces 2009/09/17 v1.1 Trim spaces around a token list
))
("C:/Program Files/MiKTeX/tex/latex/etoolbox/etoolbox.sty"
Package: etoolbox 2020/10/05 v2.5k e-TeX tools for LaTeX (JAW)
\etb@tempcnta=\count368
)
\tcb@titlebox=\box113
\tcb@upperbox=\box114
\tcb@lowerbox=\box115
\tcb@phantombox=\box116
\c@tcbbreakpart=\count369
\c@tcblayer=\count370
\c@tcolorbox@number=\count371
\tcb@temp=\box117
\tcb@temp=\box118
\tcb@temp=\box119
\tcb@temp=\box120

("C:/Program Files/MiKTeX/tex/latex/tcolorbox/tcbskins.code.tex"
Library (tcolorbox): 'tcbskins.code.tex' version '5.0.2'
\tcb@waterbox=\box121
("C:/Program Files/MiKTeX/tex/latex/tcolorbox/tcbskinsjigsaw.code.tex"
Library (tcolorbox): 'tcbskinsjigsaw.code.tex' version '5.0.2'
))) ("C:/Program Files/MiKTeX/tex/latex/tcolorbox/tcblistings.code.tex"
Library (tcolorbox): 'tcblistings.code.tex' version '5.0.2'
("C:/Program Files/MiKTeX/tex/latex/listings/listings.sty"
\lst@mode=\count372
\lst@gtempboxa=\box122
\lst@token=\toks45
\lst@length=\count373
\lst@currlwidth=\dimen337
\lst@column=\count374
\lst@pos=\count375
\lst@lostspace=\dimen338
\lst@width=\dimen339
\lst@newlines=\count376
\lst@lineno=\count377
\lst@maxwidth=\dimen340

("C:/Program Files/MiKTeX/tex/latex/listings/lstmisc.sty"
File: lstmisc.sty 2020/03/24 1.8d (Carsten Heinz)
\c@lstnumber=\count378
\lst@skipnumbers=\count379
\lst@framebox=\box123
)
("C:/Program Files/MiKTeX/tex/latex/listings/listings.cfg"
File: listings.cfg 2020/03/24 1.8d listings configuration
))
Package: listings 2020/03/24 1.8d (Carsten Heinz)

("C:/Program Files/MiKTeX/tex/latex/tcolorbox/tcblistingscore.code.tex"
Library (tcolorbox): 'tcblistingscore.code.tex' version '5.0.2'
("C:/Program Files/MiKTeX/tex/latex/tcolorbox/tcbprocessing.code.tex"
Library (tcolorbox): 'tcbprocessing.code.tex' version '5.0.2'
("C:/Program Files/MiKTeX/tex/latex/tools/shellesc.sty"
Package: shellesc 2019/11/08 v1.0c unified shell escape interface for LaTeX
Package shellesc Info: Restricted shell escape enabled on input line 77.
))
\c@tcblisting=\count380
))
("C:/Program Files/MiKTeX/tex/latex/tcolorbox/tcbtheorems.code.tex"
Library (tcolorbox): 'tcbtheorems.code.tex' version '5.0.2'
)
("C:/Program Files/MiKTeX/tex/generic/pgf/frontendlayer/tikz/libraries/tikzlibr
arymatrix.code.tex"
File: tikzlibrarymatrix.code.tex 2021/05/15 v3.1.9a (3.1.9a)
)
(C:/Users/quent/AppData/Roaming/MiKTeX/tex/latex/circuitikz/circuitikz.sty
Package: circuitikz 2021/12/06{} The CircuiTikz circuit drawing package version
 1.4.5

("C:/Program Files/MiKTeX/tex/generic/pgf/frontendlayer/tikz/libraries/tikzlibr
arycalc.code.tex"
File: tikzlibrarycalc.code.tex 2021/05/15 v3.1.9a (3.1.9a)
)
("C:/Program Files/MiKTeX/tex/generic/pgf/libraries/pgflibraryarrows.meta.code.
tex"
File: pgflibraryarrows.meta.code.tex 2021/05/15 v3.1.9a (3.1.9a)
\pgfarrowinset=\dimen341
\pgfarrowlength=\dimen342
\pgfarrowwidth=\dimen343
\pgfarrowlinewidth=\dimen344
)
("C:/Program Files/MiKTeX/tex/generic/pgf/frontendlayer/tikz/libraries/tikzlibr
arybending.code.tex"
File: tikzlibrarybending.code.tex 2021/05/15 v3.1.9a (3.1.9a)

("C:/Program Files/MiKTeX/tex/generic/pgf/modules/pgfmodulebending.code.tex"
File: pgfmodulebending.code.tex 2021/05/15 v3.1.9a (3.1.9a)

("C:/Program Files/MiKTeX/tex/generic/pgf/modules/pgfmodulenonlineartransformat
ions.code.tex"
File: pgfmodulenonlineartransformations.code.tex 2021/05/15 v3.1.9a (3.1.9a)
\pgftransformnonlinearflatness=\dimen345
)
("C:/Program Files/MiKTeX/tex/generic/pgf/libraries/pgflibrarycurvilinear.code.
tex"
File: pgflibrarycurvilinear.code.tex 2021/05/15 v3.1.9a (3.1.9a)
\pgf@curvilinear@time@a=\dimen346
\pgf@curvilinear@length@a=\dimen347
\pgf@curvilinear@length@b=\dimen348
\pgf@curvilinear@length@c=\dimen349
\pgf@curvilinear@length@d=\dimen350
)
\pgf@arrows@the@rigidity=\dimen351
))
("C:/Program Files/MiKTeX/tex/generic/pgf/frontendlayer/tikz/libraries/tikzlibr
aryfpu.code.tex"
("C:/Program Files/MiKTeX/tex/generic/pgf/libraries/pgflibraryfpu.code.tex"))
(C:/Users/quent/AppData/Roaming/MiKTeX/tex/generic/circuitikz/pgfcirc.defines.t
ex
\pgf@circ@count@a=\count381
\pgf@circ@count@b=\count382
\pgf@circ@count@c=\count383
\pgf@circ@res@up=\dimen352
\pgf@circ@res@down=\dimen353
\pgf@circ@res@zero=\dimen354
\pgf@circ@res@left=\dimen355
\pgf@circ@res@right=\dimen356
\pgf@circ@res@other=\dimen357
\pgf@circ@res@step=\dimen358
\pgf@circ@res@temp=\dimen359
\pgf@circ@Rlen=\dimen360
\pgf@circ@scaled@Rlen=\dimen361
\pgfstartlinewidth=\dimen362
)
(C:/Users/quent/AppData/Roaming/MiKTeX/tex/generic/circuitikz/pgfcircutils.tex
\ctikz@scratchbox=\box124
) (C:/Users/quent/AppData/Roaming/MiKTeX/tex/generic/circuitikz/pgfcircpath.tex
)
(C:/Users/quent/AppData/Roaming/MiKTeX/tex/generic/circuitikz/pgfcircshapes.tex
)
(C:/Users/quent/AppData/Roaming/MiKTeX/tex/generic/circuitikz/pgfcircmonopoles.
tex)
(C:/Users/quent/AppData/Roaming/MiKTeX/tex/generic/circuitikz/pgfcircbipoles.te
x)
(C:/Users/quent/AppData/Roaming/MiKTeX/tex/generic/circuitikz/pgfcirctripoles.t
ex
\pgf@circ@res@count=\count384
)
(C:/Users/quent/AppData/Roaming/MiKTeX/tex/generic/circuitikz/pgfcircquadpoles.
tex)
(C:/Users/quent/AppData/Roaming/MiKTeX/tex/generic/circuitikz/pgfcircmultipoles
.tex)
(C:/Users/quent/AppData/Roaming/MiKTeX/tex/generic/circuitikz/pgfcirclabel.tex)
(C:/Users/quent/AppData/Roaming/MiKTeX/tex/generic/circuitikz/pgfcircvoltage.te
x
\pgfcirc@labelshift=\dimen363
)
(C:/Users/quent/AppData/Roaming/MiKTeX/tex/generic/circuitikz/pgfcirccurrent.te
x)
(C:/Users/quent/AppData/Roaming/MiKTeX/tex/generic/circuitikz/pgfcircflow.tex)) (C:/Users/quent/AppData/Roaming/MiKTeX/tex/latex/tkz-doc/tkzexample.sty
Package: tkzexample 2020/04/10 v1.43c (code and graphic)

(C:/Users/quent/AppData/Roaming/MiKTeX/tex/latex/mdframed/mdframed.sty
Package: mdframed 2013/07/01 1.9b: mdframed

(C:/Users/quent/AppData/Roaming/MiKTeX/tex/latex/kvoptions/kvoptions.sty
Package: kvoptions 2020-10-07 v3.14 Key value format for package options (HO)

(C:/Users/quent/AppData/Roaming/MiKTeX/tex/generic/kvsetkeys/kvsetkeys.sty
Package: kvsetkeys 2019/12/15 v1.18 Key value parser (HO)
))
(C:/Users/quent/AppData/Roaming/MiKTeX/tex/latex/zref/zref-abspage.sty
Package: zref-abspage 2020-07-03 v2.32 Module abspage for zref (HO)

(C:/Users/quent/AppData/Roaming/MiKTeX/tex/latex/zref/zref-base.sty
Package: zref-base 2020-07-03 v2.32 Module base for zref (HO)

(C:/Users/quent/AppData/Roaming/MiKTeX/tex/generic/kvdefinekeys/kvdefinekeys.st
y
Package: kvdefinekeys 2019-12-19 v1.6 Define keys (HO)
) (C:/Users/quent/AppData/Roaming/MiKTeX/tex/generic/etexcmds/etexcmds.sty
Package: etexcmds 2019/12/15 v1.7 Avoid name clashes with e-TeX commands (HO)
)
(C:/Users/quent/AppData/Roaming/MiKTeX/tex/latex/auxhook/auxhook.sty
Package: auxhook 2019-12-17 v1.6 Hooks for auxiliary files (HO)
)
Package zref Info: New property list: main on input line 764.
Package zref Info: New property: default on input line 765.
Package zref Info: New property: page on input line 766.
)
("C:/Program Files/MiKTeX/tex/latex/base/atbegshi-ltx.sty"
Package: atbegshi-ltx 2021/01/10 v1.0c Emulation of the original atbegshi
package with kernel methods
)
\c@abspage=\count385
Package zref Info: New property: abspage on input line 66.
)
(C:/Users/quent/AppData/Roaming/MiKTeX/tex/latex/needspace/needspace.sty
Package: needspace 2010/09/12 v1.3d reserve vertical space
)
\mdf@templength=\skip118
\c@mdf@globalstyle@cnt=\count386
\mdf@skipabove@length=\skip119
\mdf@skipbelow@length=\skip120
\mdf@leftmargin@length=\skip121
\mdf@rightmargin@length=\skip122
\mdf@innerleftmargin@length=\skip123
\mdf@innerrightmargin@length=\skip124
\mdf@innertopmargin@length=\skip125
\mdf@innerbottommargin@length=\skip126
\mdf@splittopskip@length=\skip127
\mdf@splitbottomskip@length=\skip128
\mdf@outermargin@length=\skip129
\mdf@innermargin@length=\skip130
\mdf@linewidth@length=\skip131
\mdf@innerlinewidth@length=\skip132
\mdf@middlelinewidth@length=\skip133
\mdf@outerlinewidth@length=\skip134
\mdf@roundcorner@length=\skip135
\mdf@footenotedistance@length=\skip136
\mdf@userdefinedwidth@length=\skip137
\mdf@needspace@length=\skip138
\mdf@frametitleaboveskip@length=\skip139
\mdf@frametitlebelowskip@length=\skip140
\mdf@frametitlerulewidth@length=\skip141
\mdf@frametitleleftmargin@length=\skip142
\mdf@frametitlerightmargin@length=\skip143
\mdf@shadowsize@length=\skip144
\mdf@extratopheight@length=\skip145
\mdf@subtitleabovelinewidth@length=\skip146
\mdf@subtitlebelowlinewidth@length=\skip147
\mdf@subtitleaboveskip@length=\skip148
\mdf@subtitlebelowskip@length=\skip149
\mdf@subtitleinneraboveskip@length=\skip150
\mdf@subtitleinnerbelowskip@length=\skip151
\mdf@subsubtitleabovelinewidth@length=\skip152
\mdf@subsubtitlebelowlinewidth@length=\skip153
\mdf@subsubtitleaboveskip@length=\skip154
\mdf@subsubtitlebelowskip@length=\skip155
\mdf@subsubtitleinneraboveskip@length=\skip156
\mdf@subsubtitleinnerbelowskip@length=\skip157

(C:/Users/quent/AppData/Roaming/MiKTeX/tex/latex/mdframed/md-frame-0.mdf
File: md-frame-0.mdf 2013/07/01\ 1.9b: md-frame-0
)
\mdf@frametitlebox=\box125
\mdf@footnotebox=\box126
\mdf@splitbox@one=\box127
\mdf@splitbox@two=\box128
\mdf@splitbox@save=\box129
\mdfsplitboxwidth=\skip158
\mdfsplitboxtotalwidth=\skip159
\mdfsplitboxheight=\skip160
\mdfsplitboxdepth=\skip161
\mdfsplitboxtotalheight=\skip162
\mdfframetitleboxwidth=\skip163
\mdfframetitleboxtotalwidth=\skip164
\mdfframetitleboxheight=\skip165
\mdfframetitleboxdepth=\skip166
\mdfframetitleboxtotalheight=\skip167
\mdffootnoteboxwidth=\skip168
\mdffootnoteboxtotalwidth=\skip169
\mdffootnoteboxheight=\skip170
\mdffootnoteboxdepth=\skip171
\mdffootnoteboxtotalheight=\skip172
\mdftotallinewidth=\skip173
\mdfboundingboxwidth=\skip174
\mdfboundingboxtotalwidth=\skip175
\mdfboundingboxheight=\skip176
\mdfboundingboxdepth=\skip177
\mdfboundingboxtotalheight=\skip178
\mdf@freevspace@length=\skip179
\mdf@horizontalwidthofbox@length=\skip180
\mdf@verticalmarginwhole@length=\skip181
\mdf@horizontalspaceofbox=\skip182
\mdfsubtitleheight=\skip183
\mdfsubsubtitleheight=\skip184
\c@mdfcountframes=\count387

****** mdframed patching \endmdf@trivlist

****** -- success******

\mdf@envdepth=\count388
\c@mdf@env@i=\count389
\c@mdf@env@ii=\count390
\c@mdf@zref@counter=\count391
Package zref Info: New property: mdf@pagevalue on input line 895.
)
(C:/Users/quent/AppData/Roaming/MiKTeX/tex/latex/fancyvrb/fancyvrb.sty
Package: fancyvrb 2021/12/21 4.1b verbatim text (tvz,hv)
\FV@CodeLineNo=\count392
\FV@InFile=\read5
\FV@TabBox=\box130
\c@FancyVerbLine=\count393
\FV@StepNumber=\count394
\FV@OutFile=\write4
)
\c@code@cnt=\count395
\fileexample=\write5
\tkzexamplewidth=\dimen364
\tkz@hsep=\dimen365
\tkzexamplebox=\box131
\tkzltxexamplewidth=\dimen366
\tkzltxexamplebox=\box132
)
(C:/Users/quent/AppData/Roaming/MiKTeX/tex/latex/bodegraph/bodegraph.sty
Package: bodegraph 2009/04/06

(C:/Users/quent/AppData/Roaming/MiKTeX/tex/fonts/ifsym/ifsym.sty
Package: ifsym 2000/04/18 I.Kloeckl
\c@ifsymcnt=\count396
)
("C:/Program Files/MiKTeX/tex/generic/pgf/frontendlayer/tikz/libraries/tikzlibr
aryshapes.code.tex"
File: tikzlibraryshapes.code.tex 2021/05/15 v3.1.9a (3.1.9a)

("C:/Program Files/MiKTeX/tex/generic/pgf/frontendlayer/tikz/libraries/tikzlibr
aryshapes.geometric.code.tex"
File: tikzlibraryshapes.geometric.code.tex 2021/05/15 v3.1.9a (3.1.9a)

("C:/Program Files/MiKTeX/tex/generic/pgf/libraries/shapes/pgflibraryshapes.geo
metric.code.tex"
File: pgflibraryshapes.geometric.code.tex 2021/05/15 v3.1.9a (3.1.9a)
))
("C:/Program Files/MiKTeX/tex/generic/pgf/frontendlayer/tikz/libraries/tikzlibr
aryshapes.misc.code.tex"
File: tikzlibraryshapes.misc.code.tex 2021/05/15 v3.1.9a (3.1.9a)

("C:/Program Files/MiKTeX/tex/generic/pgf/libraries/shapes/pgflibraryshapes.mis
c.code.tex"
File: pgflibraryshapes.misc.code.tex 2021/05/15 v3.1.9a (3.1.9a)
))
("C:/Program Files/MiKTeX/tex/generic/pgf/frontendlayer/tikz/libraries/tikzlibr
aryshapes.symbols.code.tex"
File: tikzlibraryshapes.symbols.code.tex 2021/05/15 v3.1.9a (3.1.9a)

("C:/Program Files/MiKTeX/tex/generic/pgf/libraries/shapes/pgflibraryshapes.sym
bols.code.tex"
File: pgflibraryshapes.symbols.code.tex 2021/05/15 v3.1.9a (3.1.9a)
))
("C:/Program Files/MiKTeX/tex/generic/pgf/frontendlayer/tikz/libraries/tikzlibr
aryshapes.arrows.code.tex"
File: tikzlibraryshapes.arrows.code.tex 2021/05/15 v3.1.9a (3.1.9a)

("C:/Program Files/MiKTeX/tex/generic/pgf/libraries/shapes/pgflibraryshapes.arr
ows.code.tex"
File: pgflibraryshapes.arrows.code.tex 2021/05/15 v3.1.9a (3.1.9a)
))
("C:/Program Files/MiKTeX/tex/generic/pgf/frontendlayer/tikz/libraries/tikzlibr
aryshapes.callouts.code.tex"
("C:/Program Files/MiKTeX/tex/generic/pgf/libraries/shapes/pgflibraryshapes.cal
louts.code.tex"))
("C:/Program Files/MiKTeX/tex/generic/pgf/frontendlayer/tikz/libraries/tikzlibr
aryshapes.multipart.code.tex"
File: tikzlibraryshapes.multipart.code.tex 2021/05/15 v3.1.9a (3.1.9a)

("C:/Program Files/MiKTeX/tex/generic/pgf/libraries/shapes/pgflibraryshapes.mul
tipart.code.tex"
File: pgflibraryshapes.multipart.code.tex 2021/05/15 v3.1.9a (3.1.9a)
\pgfnodepartlowerbox=\box133
\pgfnodeparttwobox=\box134
\pgfnodepartthreebox=\box135
\pgfnodepartfourbox=\box136
\pgfnodeparttwentybox=\box137
\pgfnodepartnineteenbox=\box138
\pgfnodeparteighteenbox=\box139
\pgfnodepartseventeenbox=\box140
\pgfnodepartsixteenbox=\box141
\pgfnodepartfifteenbox=\box142
\pgfnodepartfourteenbox=\box143
\pgfnodepartthirteenbox=\box144
\pgfnodeparttwelvebox=\box145
\pgfnodepartelevenbox=\box146
\pgfnodeparttenbox=\box147
\pgfnodepartninebox=\box148
\pgfnodeparteightbox=\box149
\pgfnodepartsevenbox=\box150
\pgfnodepartsixbox=\box151
\pgfnodepartfivebox=\box152
)))
("C:/Program Files/MiKTeX/tex/generic/pgf/frontendlayer/tikz/libraries/tikzlibr
aryarrows.code.tex"
File: tikzlibraryarrows.code.tex 2021/05/15 v3.1.9a (3.1.9a)

("C:/Program Files/MiKTeX/tex/generic/pgf/libraries/pgflibraryarrows.code.tex"
File: pgflibraryarrows.code.tex 2021/05/15 v3.1.9a (3.1.9a)
\arrowsize=\dimen367
))
("C:/Program Files/MiKTeX/tex/generic/pgf/frontendlayer/tikz/libraries/tikzlibr
arybackgrounds.code.tex"
File: tikzlibrarybackgrounds.code.tex 2021/05/15 v3.1.9a (3.1.9a)
\pgf@layerbox@background=\box153
\pgf@layerboxsaved@background=\box154
)
("C:/Program Files/MiKTeX/tex/generic/pgf/frontendlayer/tikz/libraries/tikzlibr
arydecorations.markings.code.tex"
("C:/Program Files/MiKTeX/tex/generic/pgf/frontendlayer/tikz/libraries/tikzlibr
arydecorations.code.tex"
("C:/Program Files/MiKTeX/tex/generic/pgf/modules/pgfmoduledecorations.code.tex
"
\pgfdecoratedcompleteddistance=\dimen368
\pgfdecoratedremainingdistance=\dimen369
\pgfdecoratedinputsegmentcompleteddistance=\dimen370
\pgfdecoratedinputsegmentremainingdistance=\dimen371
\pgf@decorate@distancetomove=\dimen372
\pgf@decorate@repeatstate=\count397
\pgfdecorationsegmentamplitude=\dimen373
\pgfdecorationsegmentlength=\dimen374
)
\tikz@lib@dec@box=\box155
)
("C:/Program Files/MiKTeX/tex/generic/pgf/libraries/decorations/pgflibrarydecor
ations.markings.code.tex"))
\c@idGnuplot=\count398
)
(C:/Users/quent/AppData/Roaming/MiKTeX/tex/latex/capt-of/capt-of.sty
Package: capt-of 2009/12/29 v0.2 standard captions outside of floats
)
(C:/Users/quent/AppData/Roaming/MiKTeX/tex/latex/multirow/multirow.sty
Package: multirow 2021/03/15 v2.8 Span multiple rows of a table
\multirow@colwidth=\skip185
\multirow@cntb=\count399
\multirow@dima=\skip186
\bigstrutjot=\dimen375
)
(C:/Users/quent/AppData/Roaming/MiKTeX/tex/latex/makecell/makecell.sty
Package: makecell 2009/08/03 V0.1e Managing of Tab Column Heads and Cells
\rotheadsize=\dimen376
\c@nlinenum=\count400
\TeXr@lab=\toks46
)
("C:/Program Files/MiKTeX/tex/latex/listings/lstlang1.sty"
File: lstlang1.sty 2020/03/24 1.8d listings language file
)
("C:/Program Files/MiKTeX/tex/latex/listings/lstmisc.sty"
File: lstmisc.sty 2020/03/24 1.8d (Carsten Heinz)
)
\exo@box=\box156
\titre@box=\box157
\label@inbox=\box158
\label@outbox=\box159
\exo@cnt=\count401
)
(C:/Users/quent/AppData/Roaming/MiKTeX/tex/latex/enumitem/enumitem.sty
Package: enumitem 2019/06/20 v3.9 Customized lists
\labelindent=\skip187
\enit@outerparindent=\dimen377
\enit@toks=\toks47
\enit@inbox=\box160
\enit@count@id=\count402
\enitdp@description=\count403
)
("C:/Program Files/MiKTeX/tex/latex/hyperref/hyperref.sty"
Package: hyperref 2021-06-07 v7.00m Hypertext links for LaTeX

(C:/Users/quent/AppData/Roaming/MiKTeX/tex/generic/pdfescape/pdfescape.sty
Package: pdfescape 2019/12/09 v1.15 Implements pdfTeX's escape features (HO)
)
(C:/Users/quent/AppData/Roaming/MiKTeX/tex/latex/hycolor/hycolor.sty
Package: hycolor 2020-01-27 v1.10 Color options for hyperref/bookmark (HO)
)
(C:/Users/quent/AppData/Roaming/MiKTeX/tex/latex/letltxmacro/letltxmacro.sty
Package: letltxmacro 2019/12/03 v1.6 Let assignment for LaTeX macros (HO)
)
\@linkdim=\dimen378
\Hy@linkcounter=\count404
\Hy@pagecounter=\count405

("C:/Program Files/MiKTeX/tex/latex/hyperref/pd1enc.def"
File: pd1enc.def 2021-06-07 v7.00m Hyperref: PDFDocEncoding definition (HO)
)
("C:/Program Files/MiKTeX/tex/latex/hyperref/hyperref-langpatches.def"
File: hyperref-langpatches.def 2021-06-07 v7.00m Hyperref: patches for babel la
nguages
)
\Hy@SavedSpaceFactor=\count406

("C:/Program Files/MiKTeX/tex/latex/hyperref/puenc.def"
File: puenc.def 2021-06-07 v7.00m Hyperref: PDF Unicode definition (HO)
)
Package hyperref Info: Hyper figures OFF on input line 4192.
Package hyperref Info: Link nesting OFF on input line 4197.
Package hyperref Info: Hyper index ON on input line 4200.
Package hyperref Info: Plain pages OFF on input line 4207.
Package hyperref Info: Backreferencing OFF on input line 4212.
Package hyperref Info: Implicit mode ON; LaTeX internals redefined.
Package hyperref Info: Bookmarks ON on input line 4445.
\c@Hy@tempcnt=\count407

("C:/Program Files/MiKTeX/tex/latex/url/url.sty"
\Urlmuskip=\muskip17
Package: url 2013/09/16  ver 3.4  Verb mode for urls, etc.
)
LaTeX Info: Redefining \url on input line 4804.
\XeTeXLinkMargin=\dimen379
\Fld@menulength=\count408
\Field@Width=\dimen380
\Fld@charsize=\dimen381
Package hyperref Info: Hyper figures OFF on input line 6076.
Package hyperref Info: Link nesting OFF on input line 6081.
Package hyperref Info: Hyper index ON on input line 6084.
Package hyperref Info: backreferencing OFF on input line 6091.
Package hyperref Info: Link coloring OFF on input line 6096.
Package hyperref Info: Link coloring with OCG OFF on input line 6101.
Package hyperref Info: PDF/A mode OFF on input line 6106.
LaTeX Info: Redefining \ref on input line 6146.
LaTeX Info: Redefining \pageref on input line 6150.
\Hy@abspage=\count409
\c@Item=\count410
\c@Hfootnote=\count411
)
Package hyperref Info: Driver (autodetected): hluatex.

("C:/Program Files/MiKTeX/tex/latex/hyperref/hluatex.def"
File: hluatex.def 2021-06-07 v7.00m Hyperref driver for luaTeX

(C:/Users/quent/AppData/Roaming/MiKTeX/tex/generic/stringenc/stringenc.sty
Package: stringenc 2019/11/29 v1.12 Convert strings between diff. encodings (HO
)
)
("C:/Program Files/MiKTeX/tex/latex/base/atveryend-ltx.sty"
Package: atveryend-ltx 2020/08/19 v1.0a Emulation of the original atveryend pac
kage
with kernel methods
)
\Fld@listcount=\count412
\c@bookmark@seq@number=\count413

(C:/Users/quent/AppData/Roaming/MiKTeX/tex/latex/rerunfilecheck/rerunfilecheck.
sty
Package: rerunfilecheck 2019/12/05 v1.9 Rerun checks for auxiliary files (HO)

(C:/Users/quent/AppData/Roaming/MiKTeX/tex/generic/uniquecounter/uniquecounter.
sty
Package: uniquecounter 2019/12/15 v1.4 Provide unlimited unique counter (HO)
)
Package uniquecounter Info: New unique counter `rerunfilecheck' on input line 2
86.
)
\Hy@SectionHShift=\skip188
) ("C:/Program Files/MiKTeX/tex/latex/pgfplots/pgfplots.sty"
("C:/Program Files/MiKTeX/tex/generic/pgfplots/pgfplots.revision.tex")
Package: pgfplots 2021/05/15 v1.18.1 Data Visualization (1.18.1)

("C:/Program Files/MiKTeX/tex/generic/pgfplots/pgfplots.code.tex"
("C:/Program Files/MiKTeX/tex/generic/pgfplots/pgfplotscore.code.tex"
Package pgfplots info on input line 124: Initializing with LUA version Lua 5.3
\pgfplots@luabackend@table=\catcodetable14
\t@pgfplots@toka=\toks48
\t@pgfplots@tokb=\toks49
\t@pgfplots@tokc=\toks50
\pgfplots@tmpa=\dimen382
\c@pgfplots@coordindex=\count414
\c@pgfplots@scanlineindex=\count415

("C:/Program Files/MiKTeX/tex/generic/pgfplots/sys/pgfplotssysgeneric.code.tex"
)) ("C:/Program Files/MiKTeX/tex/generic/pgfplots/libs/pgfplotslibrary.code.tex
")
("C:/Program Files/MiKTeX/tex/generic/pgfplots/oldpgfcompatib/pgfplotsoldpgfsup
p_loader.code.tex"
("C:/Program Files/MiKTeX/tex/generic/pgf/libraries/luamath/pgflibraryluamath.c
ode.tex")
Package pgfplots info on input line 290: luamath library shipped with pgf 3.1.9
a is up-to-date
)
("C:/Program Files/MiKTeX/tex/generic/pgfplots/util/pgfplotsutil.code.tex"
Package pgfplots info on input line 82: Found new luatex: initializing lua comm
ands instead of write18 (shell-escape)

("C:/Program Files/MiKTeX/tex/generic/pgfplots/liststructure/pgfplotsliststruct
ure.code.tex")
("C:/Program Files/MiKTeX/tex/generic/pgfplots/liststructure/pgfplotsliststruct
ureext.code.tex")
("C:/Program Files/MiKTeX/tex/generic/pgfplots/liststructure/pgfplotsarray.code
.tex"
\c@pgfplotsarray@tmp=\count416
)
("C:/Program Files/MiKTeX/tex/generic/pgfplots/liststructure/pgfplotsmatrix.cod
e.tex")
("C:/Program Files/MiKTeX/tex/generic/pgfplots/numtable/pgfplotstableshared.cod
e.tex"
\c@pgfplotstable@counta=\count417
\t@pgfplotstable@a=\toks51
)
("C:/Program Files/MiKTeX/tex/generic/pgfplots/liststructure/pgfplotsdeque.code
.tex")
("C:/Program Files/MiKTeX/tex/generic/pgfplots/util/pgfplotsbinary.code.tex"
("C:/Program Files/MiKTeX/tex/generic/pgfplots/util/pgfplotsbinary.data.code.te
x"))
("C:/Program Files/MiKTeX/tex/generic/pgfplots/util/pgfplotsutil.verb.code.tex"
)
("C:/Program Files/MiKTeX/tex/generic/pgfplots/libs/pgflibrarypgfplots.surfshad
ing.code.tex"
\c@pgfplotslibrarysurf@no=\count418

("C:/Program Files/MiKTeX/tex/generic/pgfplots/sys/pgflibrarypgfplots.surfshadi
ng.pgfsys-luatex.def")))
("C:/Program Files/MiKTeX/tex/generic/pgfplots/util/pgfplotscolormap.code.tex"
("C:/Program Files/MiKTeX/tex/generic/pgfplots/util/pgfplotscolor.code.tex"))
("C:/Program Files/MiKTeX/tex/generic/pgfplots/pgfplotsstackedplots.code.tex")
("C:/Program Files/MiKTeX/tex/generic/pgfplots/pgfplotsplothandlers.code.tex"
("C:/Program Files/MiKTeX/tex/generic/pgfplots/pgfplotsmeshplothandler.code.tex
" ("C:/Program Files/MiKTeX/tex/generic/pgfplots/pgfplotsmeshplotimage.code.tex
"))) ("C:/Program Files/MiKTeX/tex/generic/pgfplots/pgfplots.scaling.code.tex") ("C:/Program Files/MiKTeX/tex/generic/pgfplots/pgfplotscoordprocessing.code.tex") ("C:/Program Files/MiKTeX/tex/generic/pgfplots/pgfplots.errorbars.code.tex") ("C:/Program Files/MiKTeX/tex/generic/pgfplots/pgfplots.markers.code.tex")
("C:/Program Files/MiKTeX/tex/generic/pgfplots/pgfplotsticks.code.tex")
("C:/Program Files/MiKTeX/tex/generic/pgfplots/pgfplots.paths.code.tex")
("C:/Program Files/MiKTeX/tex/generic/pgf/frontendlayer/tikz/libraries/tikzlibr
arydecorations.pathmorphing.code.tex"
("C:/Program Files/MiKTeX/tex/generic/pgf/libraries/decorations/pgflibrarydecor
ations.pathmorphing.code.tex"))
("C:/Program Files/MiKTeX/tex/generic/pgf/frontendlayer/tikz/libraries/tikzlibr
arydecorations.pathreplacing.code.tex"
("C:/Program Files/MiKTeX/tex/generic/pgf/libraries/decorations/pgflibrarydecor
ations.pathreplacing.code.tex"))
("C:/Program Files/MiKTeX/tex/generic/pgfplots/libs/tikzlibrarypgfplots.contour
lua.code.tex")
\pgfplots@numplots=\count419
\pgfplots@xmin@reg=\dimen383
\pgfplots@xmax@reg=\dimen384
\pgfplots@ymin@reg=\dimen385
\pgfplots@ymax@reg=\dimen386
\pgfplots@zmin@reg=\dimen387
\pgfplots@zmax@reg=\dimen388
)
("C:/Program Files/MiKTeX/tex/generic/pgf/frontendlayer/tikz/libraries/tikzlibr
aryplotmarks.code.tex"
File: tikzlibraryplotmarks.code.tex 2021/05/15 v3.1.9a (3.1.9a)

("C:/Program Files/MiKTeX/tex/generic/pgf/libraries/pgflibraryplotmarks.code.te
x"
File: pgflibraryplotmarks.code.tex 2021/05/15 v3.1.9a (3.1.9a)
))) (C:/Users/quent/AppData/Roaming/MiKTeX/tex/latex/mathtools/mathtools.sty
Package: mathtools 2022/02/07 v1.28a mathematical typesetting tools

(C:/Users/quent/AppData/Roaming/MiKTeX/tex/latex/mathtools/mhsetup.sty
Package: mhsetup 2021/03/18 v1.4 programming setup (MH)
)
\g_MT_multlinerow_int=\count420
\l_MT_multwidth_dim=\dimen389
\origjot=\skip189
\l_MT_shortvdotswithinadjustabove_dim=\dimen390
\l_MT_shortvdotswithinadjustbelow_dim=\dimen391
\l_MT_above_intertext_sep=\dimen392
\l_MT_below_intertext_sep=\dimen393
\l_MT_above_shortintertext_sep=\dimen394
\l_MT_below_shortintertext_sep=\dimen395
\xmathstrut@box=\box161
\xmathstrut@dim=\dimen396
)
(C:/Users/quent/AppData/Roaming/MiKTeX/tex/latex/pdfpages/pdfpages.sty
Package: pdfpages 2022/12/19 v0.5x Insert pages of external PDF documents (AM)
\AM@pagewidth=\dimen397
\AM@pageheight=\dimen398
\AM@fboxrule=\dimen399

(C:/Users/quent/AppData/Roaming/MiKTeX/tex/latex/pdfpages/ppluatex.def
File: ppluatex.def 2022/12/19 v0.5x Pdfpages driver for LuaTeX (AM)
)
\pdfpages@includegraphics@status=\count421
\AM@pagebox=\box162
\AM@global@opts=\toks52
\AM@pagecnt=\count422
\AM@toc@title=\toks53
\AM@lof@heading=\toks54
\c@AM@survey=\count423
\AM@templatesizebox=\box163
)
("C:/Program Files/MiKTeX/tex/latex/biblatex/biblatex.sty"
Package: biblatex 2020/12/31 v3.16 programmable bibliographies (PK/MW)

(C:/Users/quent/AppData/Roaming/MiKTeX/tex/latex/logreq/logreq.sty
Package: logreq 2010/08/04 v1.0 xml request logger
\lrq@indent=\count424

(C:/Users/quent/AppData/Roaming/MiKTeX/tex/latex/logreq/logreq.def
File: logreq.def 2010/08/04 v1.0 logreq spec v1.0
))
\c@tabx@nest=\count425
\c@listtotal=\count426
\c@listcount=\count427
\c@liststart=\count428
\c@liststop=\count429
\c@citecount=\count430
\c@citetotal=\count431
\c@multicitecount=\count432
\c@multicitetotal=\count433
\c@instcount=\count434
\c@maxnames=\count435
\c@minnames=\count436
\c@maxitems=\count437
\c@minitems=\count438
\c@citecounter=\count439
\c@maxcitecounter=\count440
\c@savedcitecounter=\count441
\c@uniquelist=\count442
\c@uniquename=\count443
\c@refsection=\count444
\c@refsegment=\count445
\c@maxextratitle=\count446
\c@maxextratitleyear=\count447
\c@maxextraname=\count448
\c@maxextradate=\count449
\c@maxextraalpha=\count450
\c@abbrvpenalty=\count451
\c@highnamepenalty=\count452
\c@lownamepenalty=\count453
\c@maxparens=\count454
\c@parenlevel=\count455
\blx@tempcnta=\count456
\blx@tempcntb=\count457
\blx@tempcntc=\count458
\blx@maxsection=\count459
\blx@maxsegment@0=\count460
\blx@notetype=\count461
\blx@parenlevel@text=\count462
\blx@parenlevel@foot=\count463
\blx@sectionciteorder@0=\count464
\blx@entrysetcounter=\count465
\blx@biblioinstance=\count466
\labelnumberwidth=\skip190
\labelalphawidth=\skip191
\biblabelsep=\skip192
\bibitemsep=\skip193
\bibnamesep=\skip194
\bibinitsep=\skip195
\bibparsep=\skip196
\bibhang=\skip197
\blx@bcfin=\read6
\blx@bcfout=\write6
\blx@langwohyphens=\language80
\c@mincomprange=\count467
\c@maxcomprange=\count468
\c@mincompwidth=\count469
Package biblatex Info: Trying to load biblatex default data model...
Package biblatex Info: ... file 'blx-dm.def' found.

("C:/Program Files/MiKTeX/tex/latex/biblatex/blx-dm.def"
File: blx-dm.def 2020/12/31 v3.16 biblatex localization (PK/MW)
)
Package biblatex Info: Trying to load biblatex custom data model...
Package biblatex Info: ... file 'biblatex-dm.cfg' not found.
\c@afterword=\count470
\c@savedafterword=\count471
\c@annotator=\count472
\c@savedannotator=\count473
\c@author=\count474
\c@savedauthor=\count475
\c@bookauthor=\count476
\c@savedbookauthor=\count477
\c@commentator=\count478
\c@savedcommentator=\count479
\c@editor=\count480
\c@savededitor=\count481
\c@editora=\count482
\c@savededitora=\count483
\c@editorb=\count484
\c@savededitorb=\count485
\c@editorc=\count486
\c@savededitorc=\count487
\c@foreword=\count488
\c@savedforeword=\count489
\c@holder=\count490
\c@savedholder=\count491
\c@introduction=\count492
\c@savedintroduction=\count493
\c@namea=\count494
\c@savednamea=\count495
\c@nameb=\count496
\c@savednameb=\count497
\c@namec=\count498
\c@savednamec=\count499
\c@translator=\count500
\c@savedtranslator=\count501
\c@shortauthor=\count502
\c@savedshortauthor=\count503
\c@shorteditor=\count504
\c@savedshorteditor=\count505
\c@labelname=\count506
\c@savedlabelname=\count507
\c@institution=\count508
\c@savedinstitution=\count509
\c@lista=\count510
\c@savedlista=\count511
\c@listb=\count512
\c@savedlistb=\count513
\c@listc=\count514
\c@savedlistc=\count515
\c@listd=\count516
\c@savedlistd=\count517
\c@liste=\count518
\c@savedliste=\count519
\c@listf=\count520
\c@savedlistf=\count521
\c@location=\count522
\c@savedlocation=\count523
\c@organization=\count524
\c@savedorganization=\count525
\c@origlocation=\count526
\c@savedoriglocation=\count527
\c@origpublisher=\count528
\c@savedorigpublisher=\count529
\c@publisher=\count530
\c@savedpublisher=\count531
\c@language=\count532
\c@savedlanguage=\count533
\c@origlanguage=\count534
\c@savedoriglanguage=\count535
\c@pageref=\count536
\c@savedpageref=\count537
\shorthandwidth=\skip198
\shortjournalwidth=\skip199
\shortserieswidth=\skip256
\shorttitlewidth=\skip257
\shortauthorwidth=\skip258
\shorteditorwidth=\skip259
\locallabelnumberwidth=\skip260
\locallabelalphawidth=\skip261
\localshorthandwidth=\skip262
\localshortjournalwidth=\skip263
\localshortserieswidth=\skip264
\localshorttitlewidth=\skip265
\localshortauthorwidth=\skip266
\localshorteditorwidth=\skip267
Package biblatex Info: Trying to load enhanced support for Unicode engines...
Package biblatex Info: ... file 'blx-unicode.def' found.

("C:/Program Files/MiKTeX/tex/latex/biblatex/blx-unicode.def")
Package biblatex Info: Trying to load compatibility code...
Package biblatex Info: ... file 'blx-compat.def' found.

("C:/Program Files/MiKTeX/tex/latex/biblatex/blx-compat.def"
File: blx-compat.def 2020/12/31 v3.16 biblatex compatibility (PK/MW)
)
Package biblatex Info: Trying to load generic definitions...
Package biblatex Info: ... file 'biblatex.def' found.

("C:/Program Files/MiKTeX/tex/latex/biblatex/biblatex.def"
File: biblatex.def 2020/12/31 v3.16 biblatex compatibility (PK/MW)
\c@textcitecount=\count538
\c@textcitetotal=\count539
\c@textcitemaxnames=\count540
\c@biburlbigbreakpenalty=\count541
\c@biburlbreakpenalty=\count542
\c@biburlnumpenalty=\count543
\c@biburlucpenalty=\count544
\c@biburllcpenalty=\count545
\biburlbigskip=\muskip18
\biburlnumskip=\muskip19
\biburlucskip=\muskip20
\biburllcskip=\muskip21
\c@smartand=\count546
)
Package biblatex Info: Trying to load bibliography style 'numeric'...
Package biblatex Info: ... file 'numeric.bbx' found.

("C:/Program Files/MiKTeX/tex/latex/biblatex/bbx/numeric.bbx"
File: numeric.bbx 2020/12/31 v3.16 biblatex bibliography style (PK/MW)
Package biblatex Info: Trying to load bibliography style 'standard'...
Package biblatex Info: ... file 'standard.bbx' found.

("C:/Program Files/MiKTeX/tex/latex/biblatex/bbx/standard.bbx"
File: standard.bbx 2020/12/31 v3.16 biblatex bibliography style (PK/MW)
\c@bbx:relatedcount=\count547
\c@bbx:relatedtotal=\count548
))
Package biblatex Info: Trying to load citation style 'numeric'...
Package biblatex Info: ... file 'numeric.cbx' found.

("C:/Program Files/MiKTeX/tex/latex/biblatex/cbx/numeric.cbx"
File: numeric.cbx 2020/12/31 v3.16 biblatex citation style (PK/MW)
Package biblatex Info: Redefining '\cite'.
Package biblatex Info: Redefining '\parencite'.
Package biblatex Info: Redefining '\footcite'.
Package biblatex Info: Redefining '\footcitetext'.
Package biblatex Info: Redefining '\smartcite'.
Package biblatex Info: Redefining '\supercite'.
Package biblatex Info: Redefining '\textcite'.
Package biblatex Info: Redefining '\textcites'.
Package biblatex Info: Redefining '\cites'.
Package biblatex Info: Redefining '\parencites'.
Package biblatex Info: Redefining '\smartcites'.
)
Package biblatex Info: Trying to load configuration file...
Package biblatex Info: ... file 'biblatex.cfg' found.

("C:/Program Files/MiKTeX/tex/latex/biblatex/biblatex.cfg"
File: biblatex.cfg 
))

Package biblatex Warning: 'babel/polyglossia' detected but 'csquotes' missing.
(biblatex)                Loading 'csquotes' recommended.

\@quotelevel=\count549
\@quotereset=\count550
(./main.aux)
\openout1 = main.aux

LaTeX Font Info:    Checking defaults for OML/cmm/m/it on input line 27.
LaTeX Font Info:    ... okay on input line 27.
LaTeX Font Info:    Checking defaults for OMS/cmsy/m/n on input line 27.
LaTeX Font Info:    ... okay on input line 27.
LaTeX Font Info:    Checking defaults for OT1/cmr/m/n on input line 27.
LaTeX Font Info:    ... okay on input line 27.
LaTeX Font Info:    Checking defaults for T1/cmr/m/n on input line 27.
LaTeX Font Info:    ... okay on input line 27.
LaTeX Font Info:    Checking defaults for TS1/cmr/m/n on input line 27.
LaTeX Font Info:    Trying to load font information for TS1+cmr on input line 2
7.
 ("C:/Program Files/MiKTeX/tex/latex/base/ts1cmr.fd"
File: ts1cmr.fd 2019/12/16 v2.5j Standard LaTeX font definitions
)
LaTeX Font Info:    ... okay on input line 27.
LaTeX Font Info:    Checking defaults for TU/lmr/m/n on input line 27.
LaTeX Font Info:    ... okay on input line 27.
LaTeX Font Info:    Checking defaults for OMX/cmex/m/n on input line 27.
LaTeX Font Info:    ... okay on input line 27.
LaTeX Font Info:    Checking defaults for U/cmr/m/n on input line 27.
LaTeX Font Info:    ... okay on input line 27.
LaTeX Font Info:    Checking defaults for PD1/pdf/m/n on input line 27.
LaTeX Font Info:    ... okay on input line 27.
LaTeX Font Info:    Checking defaults for PU/pdf/m/n on input line 27.
LaTeX Font Info:    ... okay on input line 27.

("C:/Program Files/MiKTeX/tex/context/base/mkii/supp-pdf.mkii"
[Loading MPS to PDF converter (version 2006.09.02).]
\scratchcounter=\count551
\scratchdimen=\dimen400
\scratchbox=\box164
\nofMPsegments=\count552
\nofMParguments=\count553
\everyMPshowfont=\toks55
\MPscratchCnt=\count554
\MPscratchDim=\dimen401
\MPnumerator=\count555
\makeMPintoPDFobject=\count556
\everyMPtoPDFconversion=\toks56
) ("C:/Program Files/MiKTeX/tex/latex/epstopdf-pkg/epstopdf-base.sty"
Package: epstopdf-base 2020-01-24 v2.11 Base part for package epstopdf

(C:/Users/quent/AppData/Roaming/MiKTeX/tex/latex/grfext/grfext.sty
Package: grfext 2019/12/03 v1.3 Manage graphics extensions (HO)
)
Package epstopdf-base Info: Redefining graphics rule for `.eps' on input line 4
85.
Package grfext Info: Graphics extension search list:
(grfext)             [.pdf,.png,.jpg,.mps,.jpeg,.jbig2,.jb2,.PDF,.PNG,.JPG,.JPE
G,.JBIG2,.JB2,.eps]
(grfext)             \AppendGraphicsExtensions on input line 504.

("C:/Program Files/MiKTeX/tex/latex/00miktex/epstopdf-sys.cfg"
File: epstopdf-sys.cfg 2021/03/18 v2.0 Configuration of epstopdf for MiKTeX
))
*geometry* driver: auto-detecting
*geometry* detected driver: luatex
*geometry* verbose mode - [ preamble ] result:
* driver: luatex
* paper: <default>
* layout: <same size as paper>
* layoutoffset:(h,v)=(0.0pt,0.0pt)
* modes: 
* h-part:(L,W,R)=(42.67912pt, 528.93675pt, 42.67912pt)
* v-part:(T,H,B)=(42.67912pt, 709.61174pt, 42.67912pt)
* \paperwidth=614.295pt
* \paperheight=794.96999pt
* \textwidth=528.93675pt
* \textheight=709.61174pt
* \oddsidemargin=-29.59087pt
* \evensidemargin=-29.59087pt
* \topmargin=-66.59087pt
* \headheight=12.0pt
* \headsep=25.0pt
* \topskip=10.0pt
* \footskip=30.0pt
* \marginparwidth=65.0pt
* \marginparsep=11.0pt
* \columnsep=10.0pt
* \skip\footins=9.0pt plus 4.0pt minus 2.0pt
* \hoffset=0.0pt
* \voffset=0.0pt
* \mag=1000
* \@twocolumnfalse
* \@twosidefalse
* \@mparswitchfalse
* \@reversemarginfalse
* (1in=72.27pt=25.4mm, 1cm=28.453pt)

Package lastpage Info: Please have a look at the pageslts package at
(lastpage)             https://www.ctan.org/pkg/pageslts
(lastpage)             ! on input line 27.
LaTeX Info: Redefining \degres on input line 27.
Package french.ldf Info: Setting StandardItemizeEnv=true for
(french.ldf)             compatibility with enumitem package,
(french.ldf)             reported on input line 27.
Package french.ldf Info: Setting StandardEnumerateEnv=true for
(french.ldf)             compatibility with enumitem package,
(french.ldf)             reported on input line 27.
LaTeX Info: Redefining \up on input line 27.
\c@tabularnotesi=\count557
\enitdp@tabularnotes=\count558
\c@tabularnotes*i=\count559
\enitdp@tabularnotes*=\count560
\c@lstlisting=\count561
Package hyperref Info: Link coloring OFF on input line 27.
("C:/Program Files/MiKTeX/tex/latex/hyperref/nameref.sty"
Package: nameref 2021-04-02 v2.47 Cross-referencing by name of section

(C:/Users/quent/AppData/Roaming/MiKTeX/tex/latex/refcount/refcount.sty
Package: refcount 2019/12/15 v3.6 Data extraction from label references (HO)
)
(C:/Users/quent/AppData/Roaming/MiKTeX/tex/generic/gettitlestring/gettitlestrin
g.sty
Package: gettitlestring 2019/12/15 v1.6 Cleanup title references (HO)
)
\c@section@level=\count562
)
LaTeX Info: Redefining \ref on input line 27.
LaTeX Info: Redefining \pageref on input line 27.
LaTeX Info: Redefining \nameref on input line 27.
 (./main.out) (./main.out)
\@outlinefile=\write7

\openout7 = main.out


Package pgfplots Warning: running in backwards compatibility mode (unsuitable t
ick labels; missing features). Consider writing \pgfplotsset{compat=1.18} into 
your preamble.
 on input line 27.

(C:/Users/quent/AppData/Roaming/MiKTeX/tex/latex/pdflscape/pdflscape.sty
Package: pdflscape 2022-10-27 v0.13 Display of landscape pages in PDF

(C:/Users/quent/AppData/Roaming/MiKTeX/tex/latex/pdflscape/pdflscape-nometadata
.sty
Package: pdflscape-nometadata 2022-10-28 v0.13 Display of landscape pages in PD
F (HO)
 ("C:/Program Files/MiKTeX/tex/latex/graphics/lscape.sty"
Package: lscape 2020/05/28 v3.02 Landscape Pages (DPC)
)
Package pdflscape Info: Auto-detected driver: pdftex on input line 81.
))
Package biblatex Info: Trying to load language 'french'...
Package biblatex Info: ... file 'french.lbx' found.

("C:/Program Files/MiKTeX/tex/latex/biblatex/lbx/french.lbx"
File: french.lbx 2020/12/31 v3.16 biblatex localization (PK/MW)
)
Package biblatex Info: LuaTeX detected.
(biblatex)             Assuming input encoding 'utf8'.
Package biblatex Info: Automatic encoding selection.
(biblatex)             Assuming data encoding 'utf8'.
Package biblatex Info: Document encoding is UTF8 ....
Package biblatex Info: ... and expl3
(biblatex)             2022-01-21 L3 programming layer (loader) 
(biblatex)             is new enough (at least 2020/04/06),
(biblatex)             setting 'casechanger=expl3'.

("C:/Program Files/MiKTeX/tex/latex/biblatex/blx-case-expl3.sty"
Package: blx-case-expl3 2020/12/31 v3.16 expl3 case changing code for biblatex
)
\openout6 = main.bcf

Package biblatex Info: Trying to load bibliographic data...
Package biblatex Info: ... file 'main.bbl' found.
 (./main.bbl

Package biblatex Warning: The following entry could not be found
(biblatex)                in the database:
(biblatex)                JLC2KICAD
(biblatex)                Please verify the spelling and rerun
(biblatex)                LaTeX afterwards.

)
Package biblatex Info: Reference section=0 on input line 27.
Package biblatex Info: Reference segment=0 on input line 27.

Overfull \hbox (15.0pt too wide) in paragraph at lines 36--36
 [][][][] 
 []

<SAAS.png, id=146, 502.0356pt x 251.0178pt>
File: SAAS.png Graphic file (type png)
<use SAAS.png>
Package luatex.def Info: SAAS.png  used on input line 36.
(luatex.def)             Requested size: 200.81068pt x 100.40533pt.
[1

{C:/Users/quent/AppData/Local/MiKTeX/fonts/map/pdftex/pdftex.map}<./SAAS.png>] 
(./main.toc
LaTeX Font Info:    Trying to load font information for U+msa on input line 4.
 ("C:/Program Files/MiKTeX/tex/latex/amsfonts/umsa.fd"
File: umsa.fd 2013/01/14 v3.01 AMS symbols A
)
LaTeX Font Info:    Trying to load font information for U+msb on input line 4.

("C:/Program Files/MiKTeX/tex/latex/amsfonts/umsb.fd"
File: umsb.fd 2013/01/14 v3.01 AMS symbols B
))
\tf@toc=\write8

\openout8 = main.toc

warning  (pdf backend): ignoring duplicate destination with the name 'page.1'
File: SAAS.png Graphic file (type png)
<use SAAS.png>
Package luatex.def Info: SAAS.png  used on input line 42.
(luatex.def)             Requested size: 35.14607pt x 17.57303pt.
[1] (./main.lof)
\tf@lof=\write9

\openout9 = main.lof
 (./main.lot)
\tf@lot=\write10

\openout10 = main.lot
File: SAAS.png Graphic file (type png)
<use SAAS.png>
Package luatex.def Info: SAAS.png  used on input line 51.
(luatex.def)             Requested size: 35.14607pt x 17.57303pt.
File: SAAS.png Graphic file (type png)
<use SAAS.png>
Package luatex.def Info: SAAS.png  used on input line 51.
(luatex.def)             Requested size: 35.14607pt x 17.57303pt.
File: SAAS.png Graphic file (type png)
<use SAAS.png>
Package luatex.def Info: SAAS.png  used on input line 51.
(luatex.def)             Requested size: 35.14607pt x 17.57303pt.
 [2]
Chapitre 1.

LaTeX Font Warning: Font shape `TU/lmr/bx/sc' undefined
(Font)              using `TU/lmr/bx/n' instead on input line 51.

File: SAAS.png Graphic file (type png)
<use SAAS.png>
Package luatex.def Info: SAAS.png  used on input line 57.
(luatex.def)             Requested size: 35.14607pt x 17.57303pt.
File: SAAS.png Graphic file (type png)
<use SAAS.png>
Package luatex.def Info: SAAS.png  used on input line 57.
(luatex.def)             Requested size: 35.14607pt x 17.57303pt.
File: SAAS.png Graphic file (type png)
<use SAAS.png>
Package luatex.def Info: SAAS.png  used on input line 57.
(luatex.def)             Requested size: 35.14607pt x 17.57303pt.
[3

]
Chapitre 2.
File: SAAS.png Graphic file (type png)
<use SAAS.png>
Package luatex.def Info: SAAS.png  used on input line 82.
(luatex.def)             Requested size: 35.14607pt x 17.57303pt.
File: SAAS.png Graphic file (type png)
<use SAAS.png>
Package luatex.def Info: SAAS.png  used on input line 82.
(luatex.def)             Requested size: 35.14607pt x 17.57303pt.
File: SAAS.png Graphic file (type png)
<use SAAS.png>
Package luatex.def Info: SAAS.png  used on input line 82.
(luatex.def)             Requested size: 35.14607pt x 17.57303pt.
[4


Missing character: There is no * (U+002A) in font nullfont!
Missing character: There is no * (U+002A) in font nullfont!
]
File: SAAS.png Graphic file (type png)
<use SAAS.png>
Package luatex.def Info: SAAS.png  used on input line 150.
(luatex.def)             Requested size: 35.14607pt x 17.57303pt.
File: SAAS.png Graphic file (type png)
<use SAAS.png>
Package luatex.def Info: SAAS.png  used on input line 150.
(luatex.def)             Requested size: 35.14607pt x 17.57303pt.
File: SAAS.png Graphic file (type png)
<use SAAS.png>
Package luatex.def Info: SAAS.png  used on input line 150.
(luatex.def)             Requested size: 35.14607pt x 17.57303pt.
 [5
Missing character: There is no * (U+002A) in font nullfont!
]
<IMAGES/fond_de_panierancien.png, id=269, 807.7678pt x 185.19188pt>
File: IMAGES/fond_de_panierancien.png Graphic file (type png)
<use IMAGES/fond_de_panierancien.png>
Package luatex.def Info: IMAGES/fond_de_panierancien.png  used on input line 17
8.
(luatex.def)             Requested size: 323.1014pt x 74.07542pt.
File: SAAS.png Graphic file (type png)
<use SAAS.png>
Package luatex.def Info: SAAS.png  used on input line 189.
(luatex.def)             Requested size: 35.14607pt x 17.57303pt.
File: SAAS.png Graphic file (type png)
<use SAAS.png>
Package luatex.def Info: SAAS.png  used on input line 189.
(luatex.def)             Requested size: 35.14607pt x 17.57303pt.
File: SAAS.png Graphic file (type png)
<use SAAS.png>
Package luatex.def Info: SAAS.png  used on input line 189.
(luatex.def)             Requested size: 35.14607pt x 17.57303pt.
 [6
Missing character: There is no * (U+002A) in font nullfont!
Missing character: There is no * (U+002A) in font nullfont!
<./IMAGES/fond_de_panierancien.png>]
<IMAGES/face_avant_old.png, id=282, 220.57407pt x 414.04688pt>
File: IMAGES/face_avant_old.png Graphic file (type png)
<use IMAGES/face_avant_old.png>
Package luatex.def Info: IMAGES/face_avant_old.png  used on input line 192.
(luatex.def)             Requested size: 132.34544pt x 248.43004pt.
<IMAGES/liaison_pcb_old.jpg, id=283, 3083.52pt x 4111.36pt>
File: IMAGES/liaison_pcb_old.jpg Graphic file (type jpg)
<use IMAGES/liaison_pcb_old.jpg>
Package luatex.def Info: IMAGES/liaison_pcb_old.jpg  used on input line 200.
(luatex.def)             Requested size: 186.5559pt x 248.74118pt.
File: SAAS.png Graphic file (type png)
<use SAAS.png>
Package luatex.def Info: SAAS.png  used on input line 206.
(luatex.def)             Requested size: 35.14607pt x 17.57303pt.
File: SAAS.png Graphic file (type png)
<use SAAS.png>
Package luatex.def Info: SAAS.png  used on input line 206.
(luatex.def)             Requested size: 35.14607pt x 17.57303pt.
File: SAAS.png Graphic file (type png)
<use SAAS.png>
Package luatex.def Info: SAAS.png  used on input line 206.
(luatex.def)             Requested size: 35.14607pt x 17.57303pt.
 [7
Missing character: There is no * (U+002A) in font nullfont!
<./IMAGES/face_avant_old.png><./IMAGES/liaison_pcb_old.jpg>]
Chapitre 3.
File: SAAS.png Graphic file (type png)
<use SAAS.png>
Package luatex.def Info: SAAS.png  used on input line 244.
(luatex.def)             Requested size: 35.14607pt x 17.57303pt.
File: SAAS.png Graphic file (type png)
<use SAAS.png>
Package luatex.def Info: SAAS.png  used on input line 244.
(luatex.def)             Requested size: 35.14607pt x 17.57303pt.
File: SAAS.png Graphic file (type png)
<use SAAS.png>
Package luatex.def Info: SAAS.png  used on input line 244.
(luatex.def)             Requested size: 35.14607pt x 17.57303pt.
[8


Missing character: There is no * (U+002A) in font nullfont!
Missing character: There is no * (U+002A) in font nullfont!
]
File: SAAS.png Graphic file (type png)
<use SAAS.png>
Package luatex.def Info: SAAS.png  used on input line 269.
(luatex.def)             Requested size: 35.14607pt x 17.57303pt.
File: SAAS.png Graphic file (type png)
<use SAAS.png>
Package luatex.def Info: SAAS.png  used on input line 269.
(luatex.def)             Requested size: 35.14607pt x 17.57303pt.
File: SAAS.png Graphic file (type png)
<use SAAS.png>
Package luatex.def Info: SAAS.png  used on input line 269.
(luatex.def)             Requested size: 35.14607pt x 17.57303pt.
 [9
Missing character: There is no * (U+002A) in font nullfont!
]
Chapitre 4.
File: SAAS.png Graphic file (type png)
<use SAAS.png>
Package luatex.def Info: SAAS.png  used on input line 286.
(luatex.def)             Requested size: 35.14607pt x 17.57303pt.
File: SAAS.png Graphic file (type png)
<use SAAS.png>
Package luatex.def Info: SAAS.png  used on input line 286.
(luatex.def)             Requested size: 35.14607pt x 17.57303pt.
File: SAAS.png Graphic file (type png)
<use SAAS.png>
Package luatex.def Info: SAAS.png  used on input line 286.
(luatex.def)             Requested size: 35.14607pt x 17.57303pt.
[10


Missing character: There is no * (U+002A) in font nullfont!
]

Package french.ldf Warning: \shorthandoff{;:!?} is helpless with LuaTeX,
(french.ldf)                use \NoAutoSpacing *inside a group* instead;
(french.ldf)                reported on input line 305.

File: SAAS.png Graphic file (type png)
<use SAAS.png>
Package luatex.def Info: SAAS.png  used on input line 322.
(luatex.def)             Requested size: 35.14607pt x 17.57303pt.
File: SAAS.png Graphic file (type png)
<use SAAS.png>
Package luatex.def Info: SAAS.png  used on input line 322.
(luatex.def)             Requested size: 35.14607pt x 17.57303pt.
File: SAAS.png Graphic file (type png)
<use SAAS.png>
Package luatex.def Info: SAAS.png  used on input line 322.
(luatex.def)             Requested size: 35.14607pt x 17.57303pt.
[11
Missing character: There is no * (U+002A) in font nullfont!
]

Package french.ldf Warning: \shorthandoff{;:!?} is helpless with LuaTeX,
(french.ldf)                use \NoAutoSpacing *inside a group* instead;
(french.ldf)                reported on input line 345.


Package french.ldf Warning: \shorthandoff{;:!?} is helpless with LuaTeX,
(french.ldf)                use \NoAutoSpacing *inside a group* instead;
(french.ldf)                reported on input line 388.

File: SAAS.png Graphic file (type png)
<use SAAS.png>
Package luatex.def Info: SAAS.png  used on input line 393.
(luatex.def)             Requested size: 35.14607pt x 17.57303pt.
File: SAAS.png Graphic file (type png)
<use SAAS.png>
Package luatex.def Info: SAAS.png  used on input line 393.
(luatex.def)             Requested size: 35.14607pt x 17.57303pt.
File: SAAS.png Graphic file (type png)
<use SAAS.png>
Package luatex.def Info: SAAS.png  used on input line 393.
(luatex.def)             Requested size: 35.14607pt x 17.57303pt.
[12
Missing character: There is no * (U+002A) in font nullfont!
]
Chapitre 5.
<IMAGES/fond_de_panier_nouveau.png, id=351, 807.015pt x 185.94469pt>
File: IMAGES/fond_de_panier_nouveau.png Graphic file (type png)
<use IMAGES/fond_de_panier_nouveau.png>
Package luatex.def Info: IMAGES/fond_de_panier_nouveau.png  used on input line 
398.
(luatex.def)             Requested size: 322.80028pt x 74.37654pt.
<IMAGES/design sans dot.png, id=353, 744.04375pt x 345.6915pt>
File: IMAGES/design sans dot.png Graphic file (type png)
<use IMAGES/design sans dot.png>
Package luatex.def Info: IMAGES/design sans dot.png  used on input line 411.
(luatex.def)             Requested size: 317.36526pt x 147.45233pt.
File: SAAS.png Graphic file (type png)
<use SAAS.png>
Package luatex.def Info: SAAS.png  used on input line 419.
(luatex.def)             Requested size: 35.14607pt x 17.57303pt.
File: SAAS.png Graphic file (type png)
<use SAAS.png>
Package luatex.def Info: SAAS.png  used on input line 419.
(luatex.def)             Requested size: 35.14607pt x 17.57303pt.
File: SAAS.png Graphic file (type png)
<use SAAS.png>
Package luatex.def Info: SAAS.png  used on input line 419.
(luatex.def)             Requested size: 35.14607pt x 17.57303pt.
[13


Missing character: There is no * (U+002A) in font nullfont!
<./IMAGES/fond_de_panier_nouveau.png><./IMAGES/design sans dot.png>]
File: SAAS.png Graphic file (type png)
<use SAAS.png>
Package luatex.def Info: SAAS.png  used on input line 426.
(luatex.def)             Requested size: 35.14607pt x 17.57303pt.
File: SAAS.png Graphic file (type png)
<use SAAS.png>
Package luatex.def Info: SAAS.png  used on input line 426.
(luatex.def)             Requested size: 35.14607pt x 17.57303pt.
File: SAAS.png Graphic file (type png)
<use SAAS.png>
Package luatex.def Info: SAAS.png  used on input line 426.
(luatex.def)             Requested size: 35.14607pt x 17.57303pt.
 [14]
Chapitre 6.
File: SAAS.png Graphic file (type png)
<use SAAS.png>
Package luatex.def Info: SAAS.png  used on input line 434.
(luatex.def)             Requested size: 35.14607pt x 17.57303pt.
File: SAAS.png Graphic file (type png)
<use SAAS.png>
Package luatex.def Info: SAAS.png  used on input line 434.
(luatex.def)             Requested size: 35.14607pt x 17.57303pt.
File: SAAS.png Graphic file (type png)
<use SAAS.png>
Package luatex.def Info: SAAS.png  used on input line 434.
(luatex.def)             Requested size: 35.14607pt x 17.57303pt.
[15


Missing character: There is no * (U+002A) in font nullfont!
Missing character: There is no * (U+002A) in font nullfont!
] 
AED: lastpage setting LastPage
File: SAAS.png Graphic file (type png)
<use SAAS.png>
Package luatex.def Info: SAAS.png  used on input line 436.
(luatex.def)             Requested size: 35.14607pt x 17.57303pt.
File: SAAS.png Graphic file (type png)
<use SAAS.png>
Package luatex.def Info: SAAS.png  used on input line 436.
(luatex.def)             Requested size: 35.14607pt x 17.57303pt.
File: SAAS.png Graphic file (type png)
<use SAAS.png>
Package luatex.def Info: SAAS.png  used on input line 436.
(luatex.def)             Requested size: 35.14607pt x 17.57303pt.
[16

] (./main.aux)

LaTeX Font Warning: Some font shapes were not available, defaults substituted.

Package rerunfilecheck Info: File `main.out' has not changed.
(rerunfilecheck)             Checksum: EB1C5E80FC2EC15D74E42F1B1AB27C66;5782.
Package logreq Info: Writing requests to 'main.run.xml'.

\openout1 = main.run.xml
)

Here is how much of LuaTeX's memory you used:
 72312 strings out of 477803
 156259,3417909 words of node,token memory allocated
 1763 words of node memory still in use:
   7 hlist, 2 vlist, 2 rule, 36 glue, 4 kern, 1 penalty, 2 glyph, 207 attribute,
 160 glue_spec, 31 attribute_list, 3 write, 4 pdf_action nodes
   avail lists: 1:7,2:22377,3:2950,4:144,5:398,6:104,7:10322,8:98,9:1192,10:15,1
1:733
 90641 multiletter control sequences out of 65536+600000
 58 fonts using 4497423 bytes
 115i,13n,111p,5177b,1872s stack positions out of 5000i,500n,10000p,200000b,80000s
<//?/c:/program files/miktex/fonts/opentype/public/lm/lmroman10-italic.otf><//?/
c:/program files/miktex/fonts/opentype/public/lm/lmmono10-regular.otf><//?/c:/pr
ogram files/miktex/fonts/opentype/public/lm/lmroman8-bold.otf><//?/c:/program fi
les/miktex/fonts/opentype/public/lm/lmroman5-regular.otf><//?/c:/program files/m
iktex/fonts/opentype/public/lm/lmroman10-regular.otf><//?/c:/program files/mikte
x/fonts/opentype/public/lm/lmroman10-bold.otf><//?/c:/program files/miktex/fonts
/opentype/public/lm/lmroman12-regular.otf><//?/c:/program files/miktex/fonts/ope
ntype/public/lm/lmroman17-regular.otf><//?/c:/program files/miktex/fonts/opentyp
e/public/lm/lmroman12-bold.otf><//?/c:/program files/miktex/fonts/opentype/publi
c/lm/lmromancaps10-regular.otf><C:/Program Files/MiKTeX/fonts/type1/public/amsfo
nts/cm/cmbsy10.pfb><C:/Program Files/MiKTeX/fonts/type1/public/amsfonts/cm/cmbx1
0.pfb><C:/Program Files/MiKTeX/fonts/type1/public/amsfonts/cm/cmmi10.pfb><C:/Pro
gram Files/MiKTeX/fonts/type1/public/amsfonts/cm/cmmi7.pfb><C:/Program Files/MiK
TeX/fonts/type1/public/amsfonts/cm/cmr10.pfb><C:/Program Files/MiKTeX/fonts/type
1/public/amsfonts/cm/cmsy10.pfb>
Output written on main.pdf (17 pages, 5160250 bytes).

PDF statistics: 485 PDF objects out of 1000 (max. 8388607)
 72 named destinations out of 1000 (max. 131072)
 296 words of extra memory for PDF output out of 10000 (max. 100000000)

