\BOOKMARK [0][-]{chapter.1}{\376\377\000C\000o\000n\000t\000e\000x\000t\000e}{}% 1
\BOOKMARK [0][-]{chapter.2}{\376\377\000P\000r\000\351\000s\000e\000n\000t\000a\000t\000i\000o\000n\000\040\000d\000e\000\040\000l\000'\000e\000x\000i\000s\000t\000a\000n\000t}{}% 2
\BOOKMARK [1][-]{section.2.1}{\376\377\000L\000e\000s\000\040\000c\000a\000r\000t\000e\000s\000\040\000d\000'\000a\000c\000q\000u\000i\000s\000i\000t\000i\000o\000n}{chapter.2}% 3
\BOOKMARK [1][-]{section.2.2}{\376\377\000A\000l\000i\000m\000e\000n\000t\000a\000t\000i\000o\000n\000\040\000d\000e\000s\000\040\000a\000m\000p\000l\000i\000f\000i\000c\000a\000t\000e\000u\000r\000s}{chapter.2}% 4
\BOOKMARK [1][-]{section.2.3}{\376\377\000P\000r\000o\000t\000e\000c\000t\000i\000o\000n\000\040\000d\000e\000s\000\040\000e\000n\000t\000r\000\351\000e\000s}{chapter.2}% 5
\BOOKMARK [2][-]{subsection.2.3.1}{\376\377\000P\000r\000\351\000s\000e\000n\000t\000a\000t\000i\000o\000n}{section.2.3}% 6
\BOOKMARK [2][-]{subsection.2.3.2}{\376\377\000M\000e\000s\000u\000r\000e\000s}{section.2.3}% 7
\BOOKMARK [1][-]{section.2.4}{\376\377\000P\000r\000o\000t\000e\000c\000t\000i\000o\000n\000\040\000d\000e\000s\000\040\000s\000o\000r\000t\000i\000e\000s}{chapter.2}% 8
\BOOKMARK [2][-]{subsection.2.4.1}{\376\377\000P\000r\000\351\000s\000e\000n\000t\000a\000t\000i\000o\000n}{section.2.4}% 9
\BOOKMARK [2][-]{subsection.2.4.2}{\376\377\000M\000e\000s\000u\000r\000e\000s}{section.2.4}% 10
\BOOKMARK [1][-]{section.2.5}{\376\377\000C\000o\000n\000n\000e\000c\000t\000e\000u\000r\000\040\000f\000o\000n\000d\000\040\000d\000e\000\040\000p\000a\000n\000i\000e\000r}{chapter.2}% 11
\BOOKMARK [1][-]{section.2.6}{\376\377\000L\000a\000\040\000f\000a\000c\000e\000\040\000a\000v\000a\000n\000t}{chapter.2}% 12
\BOOKMARK [0][-]{chapter.3}{\376\377\000C\000o\000n\000t\000r\000a\000i\000n\000t\000e\000s\000\040\000d\000e\000\040\000l\000a\000\040\000n\000o\000u\000v\000e\000l\000l\000e\000\040\000c\000a\000r\000t\000e}{}% 13
\BOOKMARK [1][-]{section.3.1}{\376\377\000E\000t\000u\000d\000e\000\040\000d\000e\000s\000\040\000n\000o\000u\000v\000e\000l\000l\000e\000s\000\040\000c\000a\000r\000t\000e\000s\000\040\000d\000'\000a\000c\000q\000u\000i\000s\000i\000t\000i\000o\000n\000s}{chapter.3}% 14
\BOOKMARK [1][-]{section.3.2}{\376\377\000A\000j\000o\000u\000t\000s\000\040\000p\000a\000r\000\040\000r\000a\000p\000p\000o\000r\000t\000\040\000\340\000\040\000l\000'\000a\000n\000c\000i\000e\000n\000n\000e\000\040\000v\000e\000r\000s\000i\000o\000n}{chapter.3}% 15
\BOOKMARK [2][-]{subsection.3.2.1}{\376\377\000R\000\351\000d\000u\000c\000t\000i\000o\000n\000\040\000d\000u\000\040\000n\000o\000m\000b\000r\000e\000\040\000d\000'\000E\000/\000S}{section.3.2}% 16
\BOOKMARK [2][-]{subsection.3.2.2}{\376\377\000P\000W\000M}{section.3.2}% 17
\BOOKMARK [2][-]{subsection.3.2.3}{\376\377\000E\000n\000c\000o\000d\000e\000u\000r}{section.3.2}% 18
\BOOKMARK [1][-]{section.3.3}{\376\377\000C\000a\000h\000i\000e\000r\000\040\000d\000e\000s\000\040\000c\000h\000a\000r\000g\000e\000s}{chapter.3}% 19
\BOOKMARK [2][-]{subsection.3.3.1}{\376\377\000D\000i\000m\000e\000n\000s\000i\000o\000n\000s}{section.3.3}% 20
\BOOKMARK [2][-]{subsection.3.3.2}{\376\377\000P\000r\000o\000t\000e\000c\000t\000i\000o\000n\000\040\000d\000e\000s\000\040\000e\000n\000t\000r\000\351\000e\000s\000\040\000a\000n\000a\000l\000o\000g\000i\000q\000u\000e\000s}{section.3.3}% 21
\BOOKMARK [2][-]{subsection.3.3.3}{\376\377\000P\000r\000o\000t\000e\000c\000t\000i\000o\000n\000\040\000d\000e\000s\000\040\000s\000o\000r\000t\000i\000e\000s\000\040\000a\000n\000a\000l\000o\000g\000i\000q\000u\000e\000s}{section.3.3}% 22
\BOOKMARK [0][-]{chapter.4}{\376\377\000E\000t\000u\000d\000e\000s\000\040\000d\000e\000s\000\040\000n\000o\000u\000v\000e\000l\000l\000e\000s\000\040\000p\000r\000o\000t\000e\000c\000t\000i\000o\000n\000s}{}% 23
\BOOKMARK [1][-]{section.4.1}{\376\377\000P\000r\000o\000t\000e\000c\000t\000i\000o\000n\000\040\000d\000e\000s\000\040\000e\000n\000t\000r\000\351\000e\000s}{chapter.4}% 24
\BOOKMARK [2][-]{subsection.4.1.1}{\376\377\000V\000e\000i\000l\000l\000e\000\040\000t\000e\000c\000h\000n\000o\000l\000o\000g\000i\000q\000u\000e}{section.4.1}% 25
\BOOKMARK [2][-]{subsection.4.1.2}{\376\377\000S\000o\000l\000u\000t\000i\000o\000n\000\040\000r\000e\000t\000e\000n\000u\000e}{section.4.1}% 26
\BOOKMARK [1][-]{section.4.2}{\376\377\000P\000r\000o\000t\000e\000c\000t\000i\000o\000n\000\040\000d\000e\000s\000\040\000s\000o\000r\000t\000i\000e\000s}{chapter.4}% 27
\BOOKMARK [2][-]{subsection.4.2.1}{\376\377\000V\000e\000i\000l\000l\000e\000\040\000t\000e\000c\000h\000n\000o\000l\000o\000g\000i\000q\000u\000e}{section.4.2}% 28
\BOOKMARK [2][-]{subsection.4.2.2}{\376\377\000S\000o\000l\000u\000t\000i\000o\000n\000\040\000r\000e\000t\000e\000n\000u\000e}{section.4.2}% 29
\BOOKMARK [1][-]{section.4.3}{\376\377\000A\000l\000i\000m\000e\000n\000t\000a\000t\000i\000o\000n\000\040\000d\000u\000\040\000c\000i\000r\000c\000u\000i\000t}{chapter.4}% 30
\BOOKMARK [0][-]{chapter.5}{\376\377\000I\000n\000t\000\351\000g\000r\000a\000t\000i\000o\000n\000\040\000d\000e\000s\000\040\000p\000r\000o\000t\000e\000c\000t\000i\000o\000n\000s\000\040\000d\000a\000n\000s\000\040\000l\000e\000\040\000c\000a\000l\000c\000u\000l\000a\000t\000e\000u\000r}{}% 31
\BOOKMARK [1][-]{section.5.1}{\376\377\000L\000a\000\040\000f\000a\000c\000e\000\040\000a\000v\000a\000n\000t}{chapter.5}% 32
\BOOKMARK [0][-]{chapter.6}{\376\377\000D\000e\000s\000i\000g\000n\000\040\000d\000u\000\040\000P\000C\000B}{}% 33
\BOOKMARK [1][-]{section.6.1}{\376\377\000D\000e\000s\000i\000g\000n}{chapter.6}% 34
\BOOKMARK [1][-]{section.6.2}{\376\377\000P\000r\000o\000b\000l\000\350\000m\000e\000s\000\040\000r\000e\000n\000c\000o\000n\000t\000r\000\351\000s}{chapter.6}% 35
